# JRE version: OpenJDK Runtime Environment (8.0_242-b01) (build 1.8.0_242-release-1644-b01)
# Java VM: OpenJDK 64-Bit Server VM (25.242-b01 mixed mode windows-amd64 compressed oops)
Heap:
 PSYoungGen      total 349696K, used 94563K [0x00000000e0000000, 0x0000000100000000, 0x0000000100000000)
  eden space 175104K, 48% used [0x00000000e0000000,0x00000000e53c0d48,0x00000000eab00000)
  from space 174592K, 5% used [0x00000000eab00000,0x00000000eb398000,0x00000000f5580000)
  to   space 174592K, 0% used [0x00000000f5580000,0x00000000f5580000,0x0000000100000000)
 ParOldGen       total 691200K, used 475195K [0x00000000a0000000, 0x00000000ca300000, 0x00000000e0000000)
  object space 691200K, 68% used [0x00000000a0000000,0x00000000bd00ee70,0x00000000ca300000)
 Metaspace       used 124515K, capacity 131258K, committed 131352K, reserved 1163264K
  class space    used 15852K, capacity 17124K, committed 17176K, reserved 1048576K
GC Heap History (10 events):
Event: 2551.858 GC heap before
{Heap before GC invocations=34 (full 5):
 PSYoungGen      total 316416K, used 316386K [0x00000000e0000000, 0x0000000100000000, 0x0000000100000000)
  eden space 192512K, 100% used [0x00000000e0000000,0x00000000ebc00000,0x00000000ebc00000)
  from space 123904K, 99% used [0x00000000f8700000,0x00000000ffff8838,0x0000000100000000)
  to   space 165888K, 0% used [0x00000000ebc00000,0x00000000ebc00000,0x00000000f5e00000)
 ParOldGen       total 691200K, used 398077K [0x00000000a0000000, 0x00000000ca300000, 0x00000000e0000000)
  object space 691200K, 57% used [0x00000000a0000000,0x00000000b84bf600,0x00000000ca300000)
 Metaspace       used 123473K, capacity 129866K, committed 130200K, reserved 1163264K
  class space    used 15758K, capacity 16956K, committed 17048K, reserved 1048576K
Event: 2552.209 GC heap after
Heap after GC invocations=34 (full 5):
 PSYoungGen      total 345088K, used 152254K [0x00000000e0000000, 0x0000000100000000, 0x0000000100000000)
  eden space 192512K, 0% used [0x00000000e0000000,0x00000000e0000000,0x00000000ebc00000)
  from space 152576K, 99% used [0x00000000ebc00000,0x00000000f50af880,0x00000000f5100000)
  to   space 174592K, 0% used [0x00000000f5580000,0x00000000f5580000,0x0000000100000000)
 ParOldGen       total 691200K, used 404325K [0x00000000a0000000, 0x00000000ca300000, 0x00000000e0000000)
  object space 691200K, 58% used [0x00000000a0000000,0x00000000b8ad9510,0x00000000ca300000)
 Metaspace       used 123473K, capacity 129866K, committed 130200K, reserved 1163264K
  class space    used 15758K, capacity 16956K, committed 17048K, reserved 1048576K
}
Event: 2553.540 GC heap before
{Heap before GC invocations=35 (full 5):
 PSYoungGen      total 345088K, used 344766K [0x00000000e0000000, 0x0000000100000000, 0x0000000100000000)
  eden space 192512K, 100% used [0x00000000e0000000,0x00000000ebc00000,0x00000000ebc00000)
  from space 152576K, 99% used [0x00000000ebc00000,0x00000000f50af880,0x00000000f5100000)
  to   space 174592K, 0% used [0x00000000f5580000,0x00000000f5580000,0x0000000100000000)
 ParOldGen       total 691200K, used 404325K [0x00000000a0000000, 0x00000000ca300000, 0x00000000e0000000)
  object space 691200K, 58% used [0x00000000a0000000,0x00000000b8ad9510,0x00000000ca300000)
 Metaspace       used 123481K, capacity 129866K, committed 130200K, reserved 1163264K
  class space    used 15758K, capacity 16956K, committed 17048K, reserved 1048576K
Event: 2553.784 GC heap after
Heap after GC invocations=35 (full 5):
 PSYoungGen      total 349696K, used 129391K [0x00000000e0000000, 0x0000000100000000, 0x0000000100000000)
  eden space 175104K, 0% used [0x00000000e0000000,0x00000000e0000000,0x00000000eab00000)
  from space 174592K, 74% used [0x00000000f5580000,0x00000000fd3dbea8,0x0000000100000000)
  to   space 174592K, 0% used [0x00000000eab00000,0x00000000eab00000,0x00000000f5580000)
 ParOldGen       total 691200K, used 416676K [0x00000000a0000000, 0x00000000ca300000, 0x00000000e0000000)
  object space 691200K, 60% used [0x00000000a0000000,0x00000000b96e9078,0x00000000ca300000)
 Metaspace       used 123481K, capacity 129866K, committed 130200K, reserved 1163264K
  class space    used 15758K, capacity 16956K, committed 17048K, reserved 1048576K
}
Event: 3376.429 GC heap before
{Heap before GC invocations=36 (full 5):
 PSYoungGen      total 349696K, used 304495K [0x00000000e0000000, 0x0000000100000000, 0x0000000100000000)
  eden space 175104K, 100% used [0x00000000e0000000,0x00000000eab00000,0x00000000eab00000)
  from space 174592K, 74% used [0x00000000f5580000,0x00000000fd3dbea8,0x0000000100000000)
  to   space 174592K, 0% used [0x00000000eab00000,0x00000000eab00000,0x00000000f5580000)
 ParOldGen       total 691200K, used 416676K [0x00000000a0000000, 0x00000000ca300000, 0x00000000e0000000)
  object space 691200K, 60% used [0x00000000a0000000,0x00000000b96e9078,0x00000000ca300000)
 Metaspace       used 123887K, capacity 130388K, committed 130456K, reserved 1163264K
  class space    used 15797K, capacity 17027K, committed 17048K, reserved 1048576K
Event: 3376.806 GC heap after
Heap after GC invocations=36 (full 5):
 PSYoungGen      total 349696K, used 30703K [0x00000000e0000000, 0x0000000100000000, 0x0000000100000000)
  eden space 175104K, 0% used [0x00000000e0000000,0x00000000e0000000,0x00000000eab00000)
  from space 174592K, 17% used [0x00000000eab00000,0x00000000ec8fbec0,0x00000000f5580000)
  to   space 174592K, 0% used [0x00000000f5580000,0x00000000f5580000,0x0000000100000000)
 ParOldGen       total 691200K, used 469786K [0x00000000a0000000, 0x00000000ca300000, 0x00000000e0000000)
  object space 691200K, 67% used [0x00000000a0000000,0x00000000bcac6b10,0x00000000ca300000)
 Metaspace       used 123887K, capacity 130388K, committed 130456K, reserved 1163264K
  class space    used 15797K, capacity 17027K, committed 17048K, reserved 1048576K
}
Event: 3380.817 GC heap before
{Heap before GC invocations=37 (full 5):
 PSYoungGen      total 349696K, used 205807K [0x00000000e0000000, 0x0000000100000000, 0x0000000100000000)
  eden space 175104K, 100% used [0x00000000e0000000,0x00000000eab00000,0x00000000eab00000)
  from space 174592K, 17% used [0x00000000eab00000,0x00000000ec8fbec0,0x00000000f5580000)
  to   space 174592K, 0% used [0x00000000f5580000,0x00000000f5580000,0x0000000100000000)
 ParOldGen       total 691200K, used 469786K [0x00000000a0000000, 0x00000000ca300000, 0x00000000e0000000)
  object space 691200K, 67% used [0x00000000a0000000,0x00000000bcac6b10,0x00000000ca300000)
 Metaspace       used 124073K, capacity 130616K, committed 130712K, reserved 1163264K
  class space    used 15800K, capacity 17033K, committed 17048K, reserved 1048576K
Event: 3380.892 GC heap after
Heap after GC invocations=37 (full 5):
 PSYoungGen      total 349696K, used 12530K [0x00000000e0000000, 0x0000000100000000, 0x0000000100000000)
  eden space 175104K, 0% used [0x00000000e0000000,0x00000000e0000000,0x00000000eab00000)
  from space 174592K, 7% used [0x00000000f5580000,0x00000000f61bcb50,0x0000000100000000)
  to   space 174592K, 0% used [0x00000000eab00000,0x00000000eab00000,0x00000000f5580000)
 ParOldGen       total 691200K, used 474266K [0x00000000a0000000, 0x00000000ca300000, 0x00000000e0000000)
  object space 691200K, 68% used [0x00000000a0000000,0x00000000bcf26820,0x00000000ca300000)
 Metaspace       used 124073K, capacity 130616K, committed 130712K, reserved 1163264K
  class space    used 15800K, capacity 17033K, committed 17048K, reserved 1048576K
}
Event: 3414.327 GC heap before
{Heap before GC invocations=38 (full 5):
 PSYoungGen      total 349696K, used 187634K [0x00000000e0000000, 0x0000000100000000, 0x0000000100000000)
  eden space 175104K, 100% used [0x00000000e0000000,0x00000000eab00000,0x00000000eab00000)
  from space 174592K, 7% used [0x00000000f5580000,0x00000000f61bcb50,0x0000000100000000)
  to   space 174592K, 0% used [0x00000000eab00000,0x00000000eab00000,0x00000000f5580000)
 ParOldGen       total 691200K, used 474266K [0x00000000a0000000, 0x00000000ca300000, 0x00000000e0000000)
  object space 691200K, 68% used [0x00000000a0000000,0x00000000bcf26820,0x00000000ca300000)
 Metaspace       used 124478K, capacity 131240K, committed 131352K, reserved 1163264K
  class space    used 15850K, capacity 17121K, committed 17176K, reserved 1048576K
Event: 3414.363 GC heap after
Heap after GC invocations=38 (full 5):
 PSYoungGen      total 349696K, used 8800K [0x00000000e0000000, 0x0000000100000000, 0x0000000100000000)
  eden space 175104K, 0% used [0x00000000e0000000,0x00000000e0000000,0x00000000eab00000)
  from space 174592K, 5% used [0x00000000eab00000,0x00000000eb398000,0x00000000f5580000)
  to   space 174592K, 0% used [0x00000000f5580000,0x00000000f5580000,0x0000000100000000)
 ParOldGen       total 691200K, used 475195K [0x00000000a0000000, 0x00000000ca300000, 0x00000000e0000000)
  object space 691200K, 68% used [0x00000000a0000000,0x00000000bd00ee70,0x00000000ca300000)
 Metaspace       used 124478K, capacity 131240K, committed 131352K, reserved 1163264K
  class space    used 15850K, capacity 17121K, committed 17176K, reserved 1048576K
}

