# JRE version: OpenJDK Runtime Environment (8.0_242-b01) (build 1.8.0_242-release-1644-b01)
# Java VM: OpenJDK 64-Bit Server VM (25.242-b01 mixed mode windows-amd64 compressed oops)
Heap:
 PSYoungGen      total 100864K, used 25051K [0x000000076b380000, 0x0000000772080000, 0x00000007c0000000)
  eden space 90112K, 15% used [0x000000076b380000,0x000000076c17bb00,0x0000000770b80000)
  from space 10752K, 99% used [0x0000000771600000,0x000000077207b220,0x0000000772080000)
  to   space 10752K, 0% used [0x0000000770b80000,0x0000000770b80000,0x0000000771600000)
 ParOldGen       total 137216K, used 56918K [0x00000006c1a00000, 0x00000006ca000000, 0x000000076b380000)
  object space 137216K, 41% used [0x00000006c1a00000,0x00000006c5195878,0x00000006ca000000)
 Metaspace       used 50548K, capacity 51592K, committed 51928K, reserved 1095680K
  class space    used 6091K, capacity 6366K, committed 6400K, reserved 1048576K
GC Heap History (10 events):
Event: 7.452 GC heap before
{Heap before GC invocations=4 (full 1):
 PSYoungGen      total 76288K, used 65536K [0x000000076b380000, 0x0000000770880000, 0x00000007c0000000)
  eden space 65536K, 100% used [0x000000076b380000,0x000000076f380000,0x000000076f380000)
  from space 10752K, 0% used [0x000000076fe00000,0x000000076fe00000,0x0000000770880000)
  to   space 10752K, 0% used [0x000000076f380000,0x000000076f380000,0x000000076fe00000)
 ParOldGen       total 137216K, used 22280K [0x00000006c1a00000, 0x00000006ca000000, 0x000000076b380000)
  object space 137216K, 16% used [0x00000006c1a00000,0x00000006c2fc23e0,0x00000006ca000000)
 Metaspace       used 29985K, capacity 30602K, committed 30848K, reserved 1077248K
  class space    used 3745K, capacity 3928K, committed 3968K, reserved 1048576K
Event: 7.470 GC heap after
Heap after GC invocations=4 (full 1):
 PSYoungGen      total 76288K, used 10726K [0x000000076b380000, 0x0000000772080000, 0x00000007c0000000)
  eden space 65536K, 0% used [0x000000076b380000,0x000000076b380000,0x000000076f380000)
  from space 10752K, 99% used [0x000000076f380000,0x000000076fdf9898,0x000000076fe00000)
  to   space 10752K, 0% used [0x0000000771600000,0x0000000771600000,0x0000000772080000)
 ParOldGen       total 137216K, used 26826K [0x00000006c1a00000, 0x00000006ca000000, 0x000000076b380000)
  object space 137216K, 19% used [0x00000006c1a00000,0x00000006c3432a40,0x00000006ca000000)
 Metaspace       used 29985K, capacity 30602K, committed 30848K, reserved 1077248K
  class space    used 3745K, capacity 3928K, committed 3968K, reserved 1048576K
}
Event: 8.217 GC heap before
{Heap before GC invocations=5 (full 1):
 PSYoungGen      total 76288K, used 42876K [0x000000076b380000, 0x0000000772080000, 0x00000007c0000000)
  eden space 65536K, 49% used [0x000000076b380000,0x000000076d2e5820,0x000000076f380000)
  from space 10752K, 99% used [0x000000076f380000,0x000000076fdf9898,0x000000076fe00000)
  to   space 10752K, 0% used [0x0000000771600000,0x0000000771600000,0x0000000772080000)
 ParOldGen       total 137216K, used 26826K [0x00000006c1a00000, 0x00000006ca000000, 0x000000076b380000)
  object space 137216K, 19% used [0x00000006c1a00000,0x00000006c3432a40,0x00000006ca000000)
 Metaspace       used 34708K, capacity 35202K, committed 35416K, reserved 1081344K
  class space    used 4332K, capacity 4476K, committed 4480K, reserved 1048576K
Event: 8.237 GC heap after
Heap after GC invocations=5 (full 1):
 PSYoungGen      total 100864K, used 10742K [0x000000076b380000, 0x0000000772080000, 0x00000007c0000000)
  eden space 90112K, 0% used [0x000000076b380000,0x000000076b380000,0x0000000770b80000)
  from space 10752K, 99% used [0x0000000771600000,0x000000077207d9f0,0x0000000772080000)
  to   space 10752K, 0% used [0x0000000770b80000,0x0000000770b80000,0x0000000771600000)
 ParOldGen       total 137216K, used 30788K [0x00000006c1a00000, 0x00000006ca000000, 0x000000076b380000)
  object space 137216K, 22% used [0x00000006c1a00000,0x00000006c38111c0,0x00000006ca000000)
 Metaspace       used 34708K, capacity 35202K, committed 35416K, reserved 1081344K
  class space    used 4332K, capacity 4476K, committed 4480K, reserved 1048576K
}
Event: 8.237 GC heap before
{Heap before GC invocations=6 (full 2):
 PSYoungGen      total 100864K, used 10742K [0x000000076b380000, 0x0000000772080000, 0x00000007c0000000)
  eden space 90112K, 0% used [0x000000076b380000,0x000000076b380000,0x0000000770b80000)
  from space 10752K, 99% used [0x0000000771600000,0x000000077207d9f0,0x0000000772080000)
  to   space 10752K, 0% used [0x0000000770b80000,0x0000000770b80000,0x0000000771600000)
 ParOldGen       total 137216K, used 30788K [0x00000006c1a00000, 0x00000006ca000000, 0x000000076b380000)
  object space 137216K, 22% used [0x00000006c1a00000,0x00000006c38111c0,0x00000006ca000000)
 Metaspace       used 34708K, capacity 35202K, committed 35416K, reserved 1081344K
  class space    used 4332K, capacity 4476K, committed 4480K, reserved 1048576K
Event: 8.376 GC heap after
Heap after GC invocations=6 (full 2):
 PSYoungGen      total 100864K, used 0K [0x000000076b380000, 0x0000000772080000, 0x00000007c0000000)
  eden space 90112K, 0% used [0x000000076b380000,0x000000076b380000,0x0000000770b80000)
  from space 10752K, 0% used [0x0000000771600000,0x0000000771600000,0x0000000772080000)
  to   space 10752K, 0% used [0x0000000770b80000,0x0000000770b80000,0x0000000771600000)
 ParOldGen       total 137216K, used 33812K [0x00000006c1a00000, 0x00000006ca000000, 0x000000076b380000)
  object space 137216K, 24% used [0x00000006c1a00000,0x00000006c3b052c8,0x00000006ca000000)
 Metaspace       used 34708K, capacity 35202K, committed 35416K, reserved 1081344K
  class space    used 4332K, capacity 4476K, committed 4480K, reserved 1048576K
}
Event: 11.802 GC heap before
{Heap before GC invocations=7 (full 2):
 PSYoungGen      total 100864K, used 90112K [0x000000076b380000, 0x0000000772080000, 0x00000007c0000000)
  eden space 90112K, 100% used [0x000000076b380000,0x0000000770b80000,0x0000000770b80000)
  from space 10752K, 0% used [0x0000000771600000,0x0000000771600000,0x0000000772080000)
  to   space 10752K, 0% used [0x0000000770b80000,0x0000000770b80000,0x0000000771600000)
 ParOldGen       total 137216K, used 33812K [0x00000006c1a00000, 0x00000006ca000000, 0x000000076b380000)
  object space 137216K, 24% used [0x00000006c1a00000,0x00000006c3b052c8,0x00000006ca000000)
 Metaspace       used 43550K, capacity 44344K, committed 44760K, reserved 1089536K
  class space    used 5327K, capacity 5568K, committed 5632K, reserved 1048576K
Event: 11.843 GC heap after
Heap after GC invocations=7 (full 2):
 PSYoungGen      total 100864K, used 10748K [0x000000076b380000, 0x0000000772080000, 0x00000007c0000000)
  eden space 90112K, 0% used [0x000000076b380000,0x000000076b380000,0x0000000770b80000)
  from space 10752K, 99% used [0x0000000770b80000,0x00000007715ff050,0x0000000771600000)
  to   space 10752K, 0% used [0x0000000771600000,0x0000000771600000,0x0000000772080000)
 ParOldGen       total 137216K, used 40176K [0x00000006c1a00000, 0x00000006ca000000, 0x000000076b380000)
  object space 137216K, 29% used [0x00000006c1a00000,0x00000006c413c028,0x00000006ca000000)
 Metaspace       used 43550K, capacity 44344K, committed 44760K, reserved 1089536K
  class space    used 5327K, capacity 5568K, committed 5632K, reserved 1048576K
}
Event: 15.681 GC heap before
{Heap before GC invocations=8 (full 2):
 PSYoungGen      total 100864K, used 100860K [0x000000076b380000, 0x0000000772080000, 0x00000007c0000000)
  eden space 90112K, 100% used [0x000000076b380000,0x0000000770b80000,0x0000000770b80000)
  from space 10752K, 99% used [0x0000000770b80000,0x00000007715ff050,0x0000000771600000)
  to   space 10752K, 0% used [0x0000000771600000,0x0000000771600000,0x0000000772080000)
 ParOldGen       total 137216K, used 40176K [0x00000006c1a00000, 0x00000006ca000000, 0x000000076b380000)
  object space 137216K, 29% used [0x00000006c1a00000,0x00000006c413c028,0x00000006ca000000)
 Metaspace       used 49758K, capacity 50710K, committed 51160K, reserved 1093632K
  class space    used 6003K, capacity 6291K, committed 6400K, reserved 1048576K
Event: 15.730 GC heap after
Heap after GC invocations=8 (full 2):
 PSYoungGen      total 100864K, used 10732K [0x000000076b380000, 0x0000000772080000, 0x00000007c0000000)
  eden space 90112K, 0% used [0x000000076b380000,0x000000076b380000,0x0000000770b80000)
  from space 10752K, 99% used [0x0000000771600000,0x000000077207b220,0x0000000772080000)
  to   space 10752K, 0% used [0x0000000770b80000,0x0000000770b80000,0x0000000771600000)
 ParOldGen       total 137216K, used 56918K [0x00000006c1a00000, 0x00000006ca000000, 0x000000076b380000)
  object space 137216K, 41% used [0x00000006c1a00000,0x00000006c5195878,0x00000006ca000000)
 Metaspace       used 49758K, capacity 50710K, committed 51160K, reserved 1093632K
  class space    used 6003K, capacity 6291K, committed 6400K, reserved 1048576K
}

