# JRE version: OpenJDK Runtime Environment (8.0_242-b01) (build 1.8.0_242-release-1644-b01)
# Java VM: OpenJDK 64-Bit Server VM (25.242-b01 mixed mode windows-amd64 compressed oops)
Heap:
 PSYoungGen      total 414208K, used 330107K [0x00000000e0000000, 0x00000000fff80000, 0x0000000100000000)
  eden space 312832K, 99% used [0x00000000e0000000,0x00000000f3176cc0,0x00000000f3180000)
  from space 101376K, 17% used [0x00000000f9080000,0x00000000fa168060,0x00000000ff380000)
  to   space 97280K, 0% used [0x00000000f3180000,0x00000000f3180000,0x00000000f9080000)
 ParOldGen       total 582656K, used 293641K [0x00000000a0000000, 0x00000000c3900000, 0x00000000e0000000)
  object space 582656K, 50% used [0x00000000a0000000,0x00000000b1ec2488,0x00000000c3900000)
 Metaspace       used 99184K, capacity 104601K, committed 105112K, reserved 1140736K
  class space    used 12815K, capacity 13767K, committed 13992K, reserved 1048576K
GC Heap History (10 events):
Event: 237.606 GC heap before
{Heap before GC invocations=69 (full 4):
 PSYoungGen      total 382464K, used 382440K [0x00000000e0000000, 0x0000000100000000, 0x0000000100000000)
  eden space 321536K, 100% used [0x00000000e0000000,0x00000000f3a00000,0x00000000f3a00000)
  from space 60928K, 99% used [0x00000000fbe80000,0x00000000ff9fa250,0x00000000ffa00000)
  to   space 101376K, 0% used [0x00000000f3a00000,0x00000000f3a00000,0x00000000f9d00000)
 ParOldGen       total 378880K, used 283626K [0x00000000a0000000, 0x00000000b7200000, 0x00000000e0000000)
  object space 378880K, 74% used [0x00000000a0000000,0x00000000b14fa848,0x00000000b7200000)
 Metaspace       used 93089K, capacity 97895K, committed 99352K, reserved 1134592K
  class space    used 12290K, capacity 13198K, committed 13608K, reserved 1048576K
Event: 237.826 GC heap after
Heap after GC invocations=69 (full 4):
 PSYoungGen      total 398336K, used 76663K [0x00000000e0000000, 0x0000000100000000, 0x0000000100000000)
  eden space 321536K, 0% used [0x00000000e0000000,0x00000000e0000000,0x00000000f3a00000)
  from space 76800K, 99% used [0x00000000f3a00000,0x00000000f84ddc00,0x00000000f8500000)
  to   space 110592K, 0% used [0x00000000f9400000,0x00000000f9400000,0x0000000100000000)
 ParOldGen       total 378880K, used 332749K [0x00000000a0000000, 0x00000000b7200000, 0x00000000e0000000)
  object space 378880K, 87% used [0x00000000a0000000,0x00000000b44f3780,0x00000000b7200000)
 Metaspace       used 93089K, capacity 97895K, committed 99352K, reserved 1134592K
  class space    used 12290K, capacity 13198K, committed 13608K, reserved 1048576K
}
Event: 237.826 GC heap before
{Heap before GC invocations=70 (full 5):
 PSYoungGen      total 398336K, used 76663K [0x00000000e0000000, 0x0000000100000000, 0x0000000100000000)
  eden space 321536K, 0% used [0x00000000e0000000,0x00000000e0000000,0x00000000f3a00000)
  from space 76800K, 99% used [0x00000000f3a00000,0x00000000f84ddc00,0x00000000f8500000)
  to   space 110592K, 0% used [0x00000000f9400000,0x00000000f9400000,0x0000000100000000)
 ParOldGen       total 378880K, used 332749K [0x00000000a0000000, 0x00000000b7200000, 0x00000000e0000000)
  object space 378880K, 87% used [0x00000000a0000000,0x00000000b44f3780,0x00000000b7200000)
 Metaspace       used 93089K, capacity 97895K, committed 99352K, reserved 1134592K
  class space    used 12290K, capacity 13198K, committed 13608K, reserved 1048576K
Event: 240.196 GC heap after
Heap after GC invocations=70 (full 5):
 PSYoungGen      total 398336K, used 0K [0x00000000e0000000, 0x0000000100000000, 0x0000000100000000)
  eden space 321536K, 0% used [0x00000000e0000000,0x00000000e0000000,0x00000000f3a00000)
  from space 76800K, 0% used [0x00000000f3a00000,0x00000000f3a00000,0x00000000f8500000)
  to   space 110592K, 0% used [0x00000000f9400000,0x00000000f9400000,0x0000000100000000)
 ParOldGen       total 582656K, used 293617K [0x00000000a0000000, 0x00000000c3900000, 0x00000000e0000000)
  object space 582656K, 50% used [0x00000000a0000000,0x00000000b1ebc488,0x00000000c3900000)
 Metaspace       used 93089K, capacity 97895K, committed 99352K, reserved 1134592K
  class space    used 12290K, capacity 13198K, committed 13608K, reserved 1048576K
}
Event: 243.413 GC heap before
{Heap before GC invocations=71 (full 5):
 PSYoungGen      total 398336K, used 321449K [0x00000000e0000000, 0x0000000100000000, 0x0000000100000000)
  eden space 321536K, 99% used [0x00000000e0000000,0x00000000f39ea780,0x00000000f3a00000)
  from space 76800K, 0% used [0x00000000f3a00000,0x00000000f3a00000,0x00000000f8500000)
  to   space 110592K, 0% used [0x00000000f9400000,0x00000000f9400000,0x0000000100000000)
 ParOldGen       total 582656K, used 293617K [0x00000000a0000000, 0x00000000c3900000, 0x00000000e0000000)
  object space 582656K, 50% used [0x00000000a0000000,0x00000000b1ebc488,0x00000000c3900000)
 Metaspace       used 94130K, capacity 99083K, committed 100504K, reserved 1136640K
  class space    used 12435K, capacity 13378K, committed 13736K, reserved 1048576K
Event: 243.430 GC heap after
Heap after GC invocations=71 (full 5):
 PSYoungGen      total 419328K, used 28545K [0x00000000e0000000, 0x0000000100000000, 0x0000000100000000)
  eden space 308736K, 0% used [0x00000000e0000000,0x00000000e0000000,0x00000000f2d80000)
  from space 110592K, 25% used [0x00000000f9400000,0x00000000fafe0530,0x0000000100000000)
  to   space 104960K, 0% used [0x00000000f2d80000,0x00000000f2d80000,0x00000000f9400000)
 ParOldGen       total 582656K, used 293625K [0x00000000a0000000, 0x00000000c3900000, 0x00000000e0000000)
  object space 582656K, 50% used [0x00000000a0000000,0x00000000b1ebe488,0x00000000c3900000)
 Metaspace       used 94130K, capacity 99083K, committed 100504K, reserved 1136640K
  class space    used 12435K, capacity 13378K, committed 13736K, reserved 1048576K
}
Event: 255.053 GC heap before
{Heap before GC invocations=72 (full 5):
 PSYoungGen      total 419328K, used 337281K [0x00000000e0000000, 0x0000000100000000, 0x0000000100000000)
  eden space 308736K, 100% used [0x00000000e0000000,0x00000000f2d80000,0x00000000f2d80000)
  from space 110592K, 25% used [0x00000000f9400000,0x00000000fafe0530,0x0000000100000000)
  to   space 104960K, 0% used [0x00000000f2d80000,0x00000000f2d80000,0x00000000f9400000)
 ParOldGen       total 582656K, used 293625K [0x00000000a0000000, 0x00000000c3900000, 0x00000000e0000000)
  object space 582656K, 50% used [0x00000000a0000000,0x00000000b1ebe488,0x00000000c3900000)
 Metaspace       used 98131K, capacity 103195K, committed 104344K, reserved 1140736K
  class space    used 12732K, capacity 13656K, committed 13992K, reserved 1048576K
Event: 255.093 GC heap after
Heap after GC invocations=72 (full 5):
 PSYoungGen      total 326656K, used 17849K [0x00000000e0000000, 0x00000000ff380000, 0x0000000100000000)
  eden space 308736K, 0% used [0x00000000e0000000,0x00000000e0000000,0x00000000f2d80000)
  from space 17920K, 99% used [0x00000000f2d80000,0x00000000f3eee748,0x00000000f3f00000)
  to   space 101376K, 0% used [0x00000000f9080000,0x00000000f9080000,0x00000000ff380000)
 ParOldGen       total 582656K, used 293633K [0x00000000a0000000, 0x00000000c3900000, 0x00000000e0000000)
  object space 582656K, 50% used [0x00000000a0000000,0x00000000b1ec0488,0x00000000c3900000)
 Metaspace       used 98131K, capacity 103195K, committed 104344K, reserved 1140736K
  class space    used 12732K, capacity 13656K, committed 13992K, reserved 1048576K
}
Event: 284.030 GC heap before
{Heap before GC invocations=73 (full 5):
 PSYoungGen      total 326656K, used 326585K [0x00000000e0000000, 0x00000000ff380000, 0x0000000100000000)
  eden space 308736K, 100% used [0x00000000e0000000,0x00000000f2d80000,0x00000000f2d80000)
  from space 17920K, 99% used [0x00000000f2d80000,0x00000000f3eee748,0x00000000f3f00000)
  to   space 101376K, 0% used [0x00000000f9080000,0x00000000f9080000,0x00000000ff380000)
 ParOldGen       total 582656K, used 293633K [0x00000000a0000000, 0x00000000c3900000, 0x00000000e0000000)
  object space 582656K, 50% used [0x00000000a0000000,0x00000000b1ec0488,0x00000000c3900000)
 Metaspace       used 98739K, capacity 103873K, committed 104600K, reserved 1140736K
  class space    used 12780K, capacity 13703K, committed 13992K, reserved 1048576K
Event: 284.061 GC heap after
Heap after GC invocations=73 (full 5):
 PSYoungGen      total 414208K, used 17312K [0x00000000e0000000, 0x00000000fff80000, 0x0000000100000000)
  eden space 312832K, 0% used [0x00000000e0000000,0x00000000e0000000,0x00000000f3180000)
  from space 101376K, 17% used [0x00000000f9080000,0x00000000fa168060,0x00000000ff380000)
  to   space 97280K, 0% used [0x00000000f3180000,0x00000000f3180000,0x00000000f9080000)
 ParOldGen       total 582656K, used 293641K [0x00000000a0000000, 0x00000000c3900000, 0x00000000e0000000)
  object space 582656K, 50% used [0x00000000a0000000,0x00000000b1ec2488,0x00000000c3900000)
 Metaspace       used 98739K, capacity 103873K, committed 104600K, reserved 1140736K
  class space    used 12780K, capacity 13703K, committed 13992K, reserved 1048576K
}

