# JRE version: OpenJDK Runtime Environment (8.0_242-b01) (build 1.8.0_242-release-1644-b01)
# Java VM: OpenJDK 64-Bit Server VM (25.242-b01 mixed mode windows-amd64 compressed oops)
Heap:
 PSYoungGen      total 397824K, used 271233K [0x00000000e0000000, 0x00000000fe900000, 0x0000000100000000)
  eden space 330240K, 64% used [0x00000000e0000000,0x00000000ed157be8,0x00000000f4280000)
  from space 67584K, 84% used [0x00000000f4280000,0x00000000f7a08a58,0x00000000f8480000)
  to   space 74240K, 0% used [0x00000000fa080000,0x00000000fa080000,0x00000000fe900000)
 ParOldGen       total 346624K, used 89883K [0x00000000a0000000, 0x00000000b5280000, 0x00000000e0000000)
  object space 346624K, 25% used [0x00000000a0000000,0x00000000a57c6d78,0x00000000b5280000)
 Metaspace       used 122340K, capacity 128944K, committed 129048K, reserved 1161216K
  class space    used 15603K, capacity 16879K, committed 16920K, reserved 1048576K
GC Heap History (10 events):
Event: 56.213 GC heap before
{Heap before GC invocations=19 (full 4):
 PSYoungGen      total 307712K, used 36765K [0x00000000e0000000, 0x00000000f8700000, 0x0000000100000000)
  eden space 267776K, 0% used [0x00000000e0000000,0x00000000e0000000,0x00000000f0580000)
  from space 39936K, 92% used [0x00000000f0580000,0x00000000f2967508,0x00000000f2c80000)
  to   space 44544K, 0% used [0x00000000f5b80000,0x00000000f5b80000,0x00000000f8700000)
 ParOldGen       total 216064K, used 77367K [0x00000000a0000000, 0x00000000ad300000, 0x00000000e0000000)
  object space 216064K, 35% used [0x00000000a0000000,0x00000000a4b8dc50,0x00000000ad300000)
 Metaspace       used 94747K, capacity 98512K, committed 98600K, reserved 1134592K
  class space    used 12142K, capacity 12910K, committed 12952K, reserved 1048576K
Event: 56.731 GC heap after
Heap after GC invocations=19 (full 4):
 PSYoungGen      total 307712K, used 0K [0x00000000e0000000, 0x00000000f8700000, 0x0000000100000000)
  eden space 267776K, 0% used [0x00000000e0000000,0x00000000e0000000,0x00000000f0580000)
  from space 39936K, 0% used [0x00000000f0580000,0x00000000f0580000,0x00000000f2c80000)
  to   space 44544K, 0% used [0x00000000f5b80000,0x00000000f5b80000,0x00000000f8700000)
 ParOldGen       total 346624K, used 81155K [0x00000000a0000000, 0x00000000b5280000, 0x00000000e0000000)
  object space 346624K, 23% used [0x00000000a0000000,0x00000000a4f40c08,0x00000000b5280000)
 Metaspace       used 94659K, capacity 98250K, committed 98600K, reserved 1134592K
  class space    used 12114K, capacity 12861K, committed 12952K, reserved 1048576K
}
Event: 62.012 GC heap before
{Heap before GC invocations=20 (full 4):
 PSYoungGen      total 307712K, used 267776K [0x00000000e0000000, 0x00000000f8700000, 0x0000000100000000)
  eden space 267776K, 100% used [0x00000000e0000000,0x00000000f0580000,0x00000000f0580000)
  from space 39936K, 0% used [0x00000000f0580000,0x00000000f0580000,0x00000000f2c80000)
  to   space 44544K, 0% used [0x00000000f5b80000,0x00000000f5b80000,0x00000000f8700000)
 ParOldGen       total 346624K, used 81155K [0x00000000a0000000, 0x00000000b5280000, 0x00000000e0000000)
  object space 346624K, 23% used [0x00000000a0000000,0x00000000a4f40c08,0x00000000b5280000)
 Metaspace       used 103604K, capacity 108454K, committed 108568K, reserved 1142784K
  class space    used 13383K, capacity 14359K, committed 14360K, reserved 1048576K
Event: 62.069 GC heap after
Heap after GC invocations=20 (full 4):
 PSYoungGen      total 351744K, used 37116K [0x00000000e0000000, 0x00000000f9200000, 0x0000000100000000)
  eden space 307200K, 0% used [0x00000000e0000000,0x00000000e0000000,0x00000000f2c00000)
  from space 44544K, 83% used [0x00000000f5b80000,0x00000000f7fbf150,0x00000000f8700000)
  to   space 48640K, 0% used [0x00000000f2c00000,0x00000000f2c00000,0x00000000f5b80000)
 ParOldGen       total 346624K, used 81163K [0x00000000a0000000, 0x00000000b5280000, 0x00000000e0000000)
  object space 346624K, 23% used [0x00000000a0000000,0x00000000a4f42c08,0x00000000b5280000)
 Metaspace       used 103604K, capacity 108454K, committed 108568K, reserved 1142784K
  class space    used 13383K, capacity 14359K, committed 14360K, reserved 1048576K
}
Event: 92.395 GC heap before
{Heap before GC invocations=21 (full 4):
 PSYoungGen      total 351744K, used 344316K [0x00000000e0000000, 0x00000000f9200000, 0x0000000100000000)
  eden space 307200K, 100% used [0x00000000e0000000,0x00000000f2c00000,0x00000000f2c00000)
  from space 44544K, 83% used [0x00000000f5b80000,0x00000000f7fbf150,0x00000000f8700000)
  to   space 48640K, 0% used [0x00000000f2c00000,0x00000000f2c00000,0x00000000f5b80000)
 ParOldGen       total 346624K, used 81163K [0x00000000a0000000, 0x00000000b5280000, 0x00000000e0000000)
  object space 346624K, 23% used [0x00000000a0000000,0x00000000a4f42c08,0x00000000b5280000)
 Metaspace       used 114969K, capacity 120856K, committed 120984K, reserved 1155072K
  class space    used 14867K, capacity 16011K, committed 16024K, reserved 1048576K
Event: 92.512 GC heap after
Heap after GC invocations=21 (full 4):
 PSYoungGen      total 355840K, used 48611K [0x00000000e0000000, 0x00000000fbe80000, 0x0000000100000000)
  eden space 307200K, 0% used [0x00000000e0000000,0x00000000e0000000,0x00000000f2c00000)
  from space 48640K, 99% used [0x00000000f2c00000,0x00000000f5b78ea8,0x00000000f5b80000)
  to   space 59392K, 0% used [0x00000000f8480000,0x00000000f8480000,0x00000000fbe80000)
 ParOldGen       total 346624K, used 89875K [0x00000000a0000000, 0x00000000b5280000, 0x00000000e0000000)
  object space 346624K, 25% used [0x00000000a0000000,0x00000000a57c4d78,0x00000000b5280000)
 Metaspace       used 114969K, capacity 120856K, committed 120984K, reserved 1155072K
  class space    used 14867K, capacity 16011K, committed 16024K, reserved 1048576K
}
Event: 235.691 GC heap before
{Heap before GC invocations=22 (full 4):
 PSYoungGen      total 355840K, used 355811K [0x00000000e0000000, 0x00000000fbe80000, 0x0000000100000000)
  eden space 307200K, 100% used [0x00000000e0000000,0x00000000f2c00000,0x00000000f2c00000)
  from space 48640K, 99% used [0x00000000f2c00000,0x00000000f5b78ea8,0x00000000f5b80000)
  to   space 59392K, 0% used [0x00000000f8480000,0x00000000f8480000,0x00000000fbe80000)
 ParOldGen       total 346624K, used 89875K [0x00000000a0000000, 0x00000000b5280000, 0x00000000e0000000)
  object space 346624K, 25% used [0x00000000a0000000,0x00000000a57c4d78,0x00000000b5280000)
 Metaspace       used 121155K, capacity 127466K, committed 127640K, reserved 1161216K
  class space    used 15521K, capacity 16740K, committed 16792K, reserved 1048576K
Event: 235.843 GC heap after
Heap after GC invocations=22 (full 4):
 PSYoungGen      total 389632K, used 57002K [0x00000000e0000000, 0x00000000fc900000, 0x0000000100000000)
  eden space 330240K, 0% used [0x00000000e0000000,0x00000000e0000000,0x00000000f4280000)
  from space 59392K, 95% used [0x00000000f8480000,0x00000000fbc2ab68,0x00000000fbe80000)
  to   space 67584K, 0% used [0x00000000f4280000,0x00000000f4280000,0x00000000f8480000)
 ParOldGen       total 346624K, used 89875K [0x00000000a0000000, 0x00000000b5280000, 0x00000000e0000000)
  object space 346624K, 25% used [0x00000000a0000000,0x00000000a57c4d78,0x00000000b5280000)
 Metaspace       used 121155K, capacity 127466K, committed 127640K, reserved 1161216K
  class space    used 15521K, capacity 16740K, committed 16792K, reserved 1048576K
}
Event: 634.292 GC heap before
{Heap before GC invocations=23 (full 4):
 PSYoungGen      total 389632K, used 387242K [0x00000000e0000000, 0x00000000fc900000, 0x0000000100000000)
  eden space 330240K, 100% used [0x00000000e0000000,0x00000000f4280000,0x00000000f4280000)
  from space 59392K, 95% used [0x00000000f8480000,0x00000000fbc2ab68,0x00000000fbe80000)
  to   space 67584K, 0% used [0x00000000f4280000,0x00000000f4280000,0x00000000f8480000)
 ParOldGen       total 346624K, used 89875K [0x00000000a0000000, 0x00000000b5280000, 0x00000000e0000000)
  object space 346624K, 25% used [0x00000000a0000000,0x00000000a57c4d78,0x00000000b5280000)
 Metaspace       used 121703K, capacity 128098K, committed 128152K, reserved 1161216K
  class space    used 15531K, capacity 16782K, committed 16792K, reserved 1048576K
Event: 634.421 GC heap after
Heap after GC invocations=23 (full 4):
 PSYoungGen      total 397824K, used 56866K [0x00000000e0000000, 0x00000000fe900000, 0x0000000100000000)
  eden space 330240K, 0% used [0x00000000e0000000,0x00000000e0000000,0x00000000f4280000)
  from space 67584K, 84% used [0x00000000f4280000,0x00000000f7a08a58,0x00000000f8480000)
  to   space 74240K, 0% used [0x00000000fa080000,0x00000000fa080000,0x00000000fe900000)
 ParOldGen       total 346624K, used 89883K [0x00000000a0000000, 0x00000000b5280000, 0x00000000e0000000)
  object space 346624K, 25% used [0x00000000a0000000,0x00000000a57c6d78,0x00000000b5280000)
 Metaspace       used 121703K, capacity 128098K, committed 128152K, reserved 1161216K
  class space    used 15531K, capacity 16782K, committed 16792K, reserved 1048576K
}

