# JRE version: OpenJDK Runtime Environment (8.0_242-b01) (build 1.8.0_242-release-1644-b01)
# Java VM: OpenJDK 64-Bit Server VM (25.242-b01 mixed mode windows-amd64 compressed oops)
Heap:
 PSYoungGen      total 230400K, used 201845K [0x00000000e0000000, 0x00000000f1c00000, 0x0000000100000000)
  eden space 212480K, 94% used [0x00000000e0000000,0x00000000ec51d568,0x00000000ecf80000)
  from space 17920K, 0% used [0x00000000ee400000,0x00000000ee400000,0x00000000ef580000)
  to   space 20992K, 0% used [0x00000000ecf80000,0x00000000ecf80000,0x00000000ee400000)
 ParOldGen       total 204800K, used 34738K [0x00000000a0000000, 0x00000000ac800000, 0x00000000e0000000)
  object space 204800K, 16% used [0x00000000a0000000,0x00000000a21ec978,0x00000000ac800000)
 Metaspace       used 66136K, capacity 69030K, committed 69272K, reserved 1110016K
  class space    used 9004K, capacity 9573K, committed 9624K, reserved 1048576K
GC Heap History (10 events):
Event: 10.395 GC heap before
{Heap before GC invocations=9 (full 2):
 PSYoungGen      total 124416K, used 8673K [0x00000000e0000000, 0x00000000ed780000, 0x0000000100000000)
  eden space 112128K, 0% used [0x00000000e0000000,0x00000000e0000000,0x00000000e6d80000)
  from space 12288K, 70% used [0x00000000e6d80000,0x00000000e75f8718,0x00000000e7980000)
  to   space 11776K, 0% used [0x00000000ecc00000,0x00000000ecc00000,0x00000000ed780000)
 ParOldGen       total 90624K, used 7070K [0x00000000a0000000, 0x00000000a5880000, 0x00000000e0000000)
  object space 90624K, 7% used [0x00000000a0000000,0x00000000a06e7910,0x00000000a5880000)
 Metaspace       used 34277K, capacity 35424K, committed 35496K, reserved 1079296K
  class space    used 4710K, capacity 5005K, committed 5032K, reserved 1048576K
Event: 10.515 GC heap after
Heap after GC invocations=9 (full 2):
 PSYoungGen      total 124416K, used 0K [0x00000000e0000000, 0x00000000ed780000, 0x0000000100000000)
  eden space 112128K, 0% used [0x00000000e0000000,0x00000000e0000000,0x00000000e6d80000)
  from space 12288K, 0% used [0x00000000e6d80000,0x00000000e6d80000,0x00000000e7980000)
  to   space 11776K, 0% used [0x00000000ecc00000,0x00000000ecc00000,0x00000000ed780000)
 ParOldGen       total 136192K, used 15079K [0x00000000a0000000, 0x00000000a8500000, 0x00000000e0000000)
  object space 136192K, 11% used [0x00000000a0000000,0x00000000a0eb9e30,0x00000000a8500000)
 Metaspace       used 34277K, capacity 35424K, committed 35496K, reserved 1079296K
  class space    used 4710K, capacity 5005K, committed 5032K, reserved 1048576K
}
Event: 12.128 GC heap before
{Heap before GC invocations=10 (full 2):
 PSYoungGen      total 124416K, used 112128K [0x00000000e0000000, 0x00000000ed780000, 0x0000000100000000)
  eden space 112128K, 100% used [0x00000000e0000000,0x00000000e6d80000,0x00000000e6d80000)
  from space 12288K, 0% used [0x00000000e6d80000,0x00000000e6d80000,0x00000000e7980000)
  to   space 11776K, 0% used [0x00000000ecc00000,0x00000000ecc00000,0x00000000ed780000)
 ParOldGen       total 136192K, used 15079K [0x00000000a0000000, 0x00000000a8500000, 0x00000000e0000000)
  object space 136192K, 11% used [0x00000000a0000000,0x00000000a0eb9e30,0x00000000a8500000)
 Metaspace       used 36878K, capacity 38440K, committed 38696K, reserved 1083392K
  class space    used 5054K, capacity 5405K, committed 5416K, reserved 1048576K
Event: 12.146 GC heap after
Heap after GC invocations=10 (full 2):
 PSYoungGen      total 176128K, used 7803K [0x00000000e0000000, 0x00000000ed400000, 0x0000000100000000)
  eden space 167936K, 0% used [0x00000000e0000000,0x00000000e0000000,0x00000000ea400000)
  from space 8192K, 95% used [0x00000000ecc00000,0x00000000ed39ed80,0x00000000ed400000)
  to   space 11776K, 0% used [0x00000000ebd00000,0x00000000ebd00000,0x00000000ec880000)
 ParOldGen       total 136192K, used 15087K [0x00000000a0000000, 0x00000000a8500000, 0x00000000e0000000)
  object space 136192K, 11% used [0x00000000a0000000,0x00000000a0ebbe30,0x00000000a8500000)
 Metaspace       used 36878K, capacity 38440K, committed 38696K, reserved 1083392K
  class space    used 5054K, capacity 5405K, committed 5416K, reserved 1048576K
}
Event: 15.798 GC heap before
{Heap before GC invocations=11 (full 2):
 PSYoungGen      total 176128K, used 175739K [0x00000000e0000000, 0x00000000ed400000, 0x0000000100000000)
  eden space 167936K, 100% used [0x00000000e0000000,0x00000000ea400000,0x00000000ea400000)
  from space 8192K, 95% used [0x00000000ecc00000,0x00000000ed39ed80,0x00000000ed400000)
  to   space 11776K, 0% used [0x00000000ebd00000,0x00000000ebd00000,0x00000000ec880000)
 ParOldGen       total 136192K, used 15087K [0x00000000a0000000, 0x00000000a8500000, 0x00000000e0000000)
  object space 136192K, 11% used [0x00000000a0000000,0x00000000a0ebbe30,0x00000000a8500000)
 Metaspace       used 52803K, capacity 54764K, committed 54952K, reserved 1097728K
  class space    used 7010K, capacity 7472K, committed 7592K, reserved 1048576K
Event: 15.846 GC heap after
Heap after GC invocations=11 (full 2):
 PSYoungGen      total 205312K, used 11748K [0x00000000e0000000, 0x00000000ef580000, 0x0000000100000000)
  eden space 193536K, 0% used [0x00000000e0000000,0x00000000e0000000,0x00000000ebd00000)
  from space 11776K, 99% used [0x00000000ebd00000,0x00000000ec8792f0,0x00000000ec880000)
  to   space 17920K, 0% used [0x00000000ee400000,0x00000000ee400000,0x00000000ef580000)
 ParOldGen       total 136192K, used 28940K [0x00000000a0000000, 0x00000000a8500000, 0x00000000e0000000)
  object space 136192K, 21% used [0x00000000a0000000,0x00000000a1c43108,0x00000000a8500000)
 Metaspace       used 52803K, capacity 54764K, committed 54952K, reserved 1097728K
  class space    used 7010K, capacity 7472K, committed 7592K, reserved 1048576K
}
Event: 17.211 GC heap before
{Heap before GC invocations=12 (full 2):
 PSYoungGen      total 205312K, used 77298K [0x00000000e0000000, 0x00000000ef580000, 0x0000000100000000)
  eden space 193536K, 33% used [0x00000000e0000000,0x00000000e40038f0,0x00000000ebd00000)
  from space 11776K, 99% used [0x00000000ebd00000,0x00000000ec8792f0,0x00000000ec880000)
  to   space 17920K, 0% used [0x00000000ee400000,0x00000000ee400000,0x00000000ef580000)
 ParOldGen       total 136192K, used 28940K [0x00000000a0000000, 0x00000000a8500000, 0x00000000e0000000)
  object space 136192K, 21% used [0x00000000a0000000,0x00000000a1c43108,0x00000000a8500000)
 Metaspace       used 56887K, capacity 59088K, committed 59160K, reserved 1099776K
  class space    used 7682K, capacity 8180K, committed 8216K, reserved 1048576K
Event: 17.244 GC heap after
Heap after GC invocations=12 (full 2):
 PSYoungGen      total 230400K, used 17911K [0x00000000e0000000, 0x00000000f1c00000, 0x0000000100000000)
  eden space 212480K, 0% used [0x00000000e0000000,0x00000000e0000000,0x00000000ecf80000)
  from space 17920K, 99% used [0x00000000ee400000,0x00000000ef57de70,0x00000000ef580000)
  to   space 20992K, 0% used [0x00000000ecf80000,0x00000000ecf80000,0x00000000ee400000)
 ParOldGen       total 136192K, used 30560K [0x00000000a0000000, 0x00000000a8500000, 0x00000000e0000000)
  object space 136192K, 22% used [0x00000000a0000000,0x00000000a1dd8328,0x00000000a8500000)
 Metaspace       used 56887K, capacity 59088K, committed 59160K, reserved 1099776K
  class space    used 7682K, capacity 8180K, committed 8216K, reserved 1048576K
}
Event: 17.244 GC heap before
{Heap before GC invocations=13 (full 3):
 PSYoungGen      total 230400K, used 17911K [0x00000000e0000000, 0x00000000f1c00000, 0x0000000100000000)
  eden space 212480K, 0% used [0x00000000e0000000,0x00000000e0000000,0x00000000ecf80000)
  from space 17920K, 99% used [0x00000000ee400000,0x00000000ef57de70,0x00000000ef580000)
  to   space 20992K, 0% used [0x00000000ecf80000,0x00000000ecf80000,0x00000000ee400000)
 ParOldGen       total 136192K, used 30560K [0x00000000a0000000, 0x00000000a8500000, 0x00000000e0000000)
  object space 136192K, 22% used [0x00000000a0000000,0x00000000a1dd8328,0x00000000a8500000)
 Metaspace       used 56887K, capacity 59088K, committed 59160K, reserved 1099776K
  class space    used 7682K, capacity 8180K, committed 8216K, reserved 1048576K
Event: 17.621 GC heap after
Heap after GC invocations=13 (full 3):
 PSYoungGen      total 230400K, used 0K [0x00000000e0000000, 0x00000000f1c00000, 0x0000000100000000)
  eden space 212480K, 0% used [0x00000000e0000000,0x00000000e0000000,0x00000000ecf80000)
  from space 17920K, 0% used [0x00000000ee400000,0x00000000ee400000,0x00000000ef580000)
  to   space 20992K, 0% used [0x00000000ecf80000,0x00000000ecf80000,0x00000000ee400000)
 ParOldGen       total 204800K, used 34738K [0x00000000a0000000, 0x00000000ac800000, 0x00000000e0000000)
  object space 204800K, 16% used [0x00000000a0000000,0x00000000a21ec978,0x00000000ac800000)
 Metaspace       used 56869K, capacity 59028K, committed 59160K, reserved 1099776K
  class space    used 7677K, capacity 8170K, committed 8216K, reserved 1048576K
}

