# JRE version: OpenJDK Runtime Environment (8.0_242-b01) (build 1.8.0_242-release-1644-b01)
# Java VM: OpenJDK 64-Bit Server VM (25.242-b01 mixed mode windows-amd64 compressed oops)
Heap:
 PSYoungGen      total 108032K, used 27935K [0x000000076b380000, 0x0000000772980000, 0x00000007c0000000)
  eden space 97280K, 28% used [0x000000076b380000,0x000000076cec7c00,0x0000000771280000)
  from space 10752K, 0% used [0x0000000771f00000,0x0000000771f00000,0x0000000772980000)
  to   space 10752K, 0% used [0x0000000771480000,0x0000000771480000,0x0000000771f00000)
 ParOldGen       total 127488K, used 62424K [0x00000006c1a00000, 0x00000006c9680000, 0x000000076b380000)
  object space 127488K, 48% used [0x00000006c1a00000,0x00000006c56f63b8,0x00000006c9680000)
 Metaspace       used 62123K, capacity 63320K, committed 63704K, reserved 1105920K
  class space    used 7084K, capacity 7376K, committed 7424K, reserved 1048576K
GC Heap History (10 events):
Event: 13.472 GC heap before
{Heap before GC invocations=7 (full 2):
 PSYoungGen      total 108032K, used 97280K [0x000000076b380000, 0x0000000772980000, 0x00000007c0000000)
  eden space 97280K, 100% used [0x000000076b380000,0x0000000771280000,0x0000000771280000)
  from space 10752K, 0% used [0x0000000771f00000,0x0000000771f00000,0x0000000772980000)
  to   space 10752K, 0% used [0x0000000771480000,0x0000000771480000,0x0000000771f00000)
 ParOldGen       total 127488K, used 34392K [0x00000006c1a00000, 0x00000006c9680000, 0x000000076b380000)
  object space 127488K, 26% used [0x00000006c1a00000,0x00000006c3b963f0,0x00000006c9680000)
 Metaspace       used 44235K, capacity 44970K, committed 45272K, reserved 1089536K
  class space    used 5400K, capacity 5603K, committed 5632K, reserved 1048576K
Event: 13.500 GC heap after
Heap after GC invocations=7 (full 2):
 PSYoungGen      total 108032K, used 10723K [0x000000076b380000, 0x0000000772980000, 0x00000007c0000000)
  eden space 97280K, 0% used [0x000000076b380000,0x000000076b380000,0x0000000771280000)
  from space 10752K, 99% used [0x0000000771480000,0x0000000771ef8d80,0x0000000771f00000)
  to   space 10752K, 0% used [0x0000000771f00000,0x0000000771f00000,0x0000000772980000)
 ParOldGen       total 127488K, used 42086K [0x00000006c1a00000, 0x00000006c9680000, 0x000000076b380000)
  object space 127488K, 33% used [0x00000006c1a00000,0x00000006c4319880,0x00000006c9680000)
 Metaspace       used 44235K, capacity 44970K, committed 45272K, reserved 1089536K
  class space    used 5400K, capacity 5603K, committed 5632K, reserved 1048576K
}
Event: 18.832 GC heap before
{Heap before GC invocations=8 (full 2):
 PSYoungGen      total 108032K, used 108003K [0x000000076b380000, 0x0000000772980000, 0x00000007c0000000)
  eden space 97280K, 100% used [0x000000076b380000,0x0000000771280000,0x0000000771280000)
  from space 10752K, 99% used [0x0000000771480000,0x0000000771ef8d80,0x0000000771f00000)
  to   space 10752K, 0% used [0x0000000771f00000,0x0000000771f00000,0x0000000772980000)
 ParOldGen       total 127488K, used 42086K [0x00000006c1a00000, 0x00000006c9680000, 0x000000076b380000)
  object space 127488K, 33% used [0x00000006c1a00000,0x00000006c4319880,0x00000006c9680000)
 Metaspace       used 50598K, capacity 51592K, committed 51928K, reserved 1095680K
  class space    used 6100K, capacity 6366K, committed 6400K, reserved 1048576K
Event: 18.887 GC heap after
Heap after GC invocations=8 (full 2):
 PSYoungGen      total 108032K, used 10737K [0x000000076b380000, 0x0000000772980000, 0x00000007c0000000)
  eden space 97280K, 0% used [0x000000076b380000,0x000000076b380000,0x0000000771280000)
  from space 10752K, 99% used [0x0000000771f00000,0x000000077297c4f0,0x0000000772980000)
  to   space 10752K, 0% used [0x0000000771480000,0x0000000771480000,0x0000000771f00000)
 ParOldGen       total 127488K, used 60545K [0x00000006c1a00000, 0x00000006c9680000, 0x000000076b380000)
  object space 127488K, 47% used [0x00000006c1a00000,0x00000006c55206d8,0x00000006c9680000)
 Metaspace       used 50598K, capacity 51592K, committed 51928K, reserved 1095680K
  class space    used 6100K, capacity 6366K, committed 6400K, reserved 1048576K
}
Event: 24.806 GC heap before
{Heap before GC invocations=9 (full 2):
 PSYoungGen      total 108032K, used 108017K [0x000000076b380000, 0x0000000772980000, 0x00000007c0000000)
  eden space 97280K, 100% used [0x000000076b380000,0x0000000771280000,0x0000000771280000)
  from space 10752K, 99% used [0x0000000771f00000,0x000000077297c4f0,0x0000000772980000)
  to   space 10752K, 0% used [0x0000000771480000,0x0000000771480000,0x0000000771f00000)
 ParOldGen       total 127488K, used 60545K [0x00000006c1a00000, 0x00000006c9680000, 0x000000076b380000)
  object space 127488K, 47% used [0x00000006c1a00000,0x00000006c55206d8,0x00000006c9680000)
 Metaspace       used 57257K, capacity 58282K, committed 58712K, reserved 1101824K
  class space    used 6652K, capacity 6933K, committed 7040K, reserved 1048576K
Event: 24.866 GC heap after
Heap after GC invocations=9 (full 2):
 PSYoungGen      total 108032K, used 10737K [0x000000076b380000, 0x0000000772980000, 0x00000007c0000000)
  eden space 97280K, 0% used [0x000000076b380000,0x000000076b380000,0x0000000771280000)
  from space 10752K, 99% used [0x0000000771480000,0x0000000771efc4f0,0x0000000771f00000)
  to   space 10752K, 0% used [0x0000000771f00000,0x0000000771f00000,0x0000000772980000)
 ParOldGen       total 127488K, used 78523K [0x00000006c1a00000, 0x00000006c9680000, 0x000000076b380000)
  object space 127488K, 61% used [0x00000006c1a00000,0x00000006c66aefb0,0x00000006c9680000)
 Metaspace       used 57257K, capacity 58282K, committed 58712K, reserved 1101824K
  class space    used 6652K, capacity 6933K, committed 7040K, reserved 1048576K
}
Event: 24.956 GC heap before
{Heap before GC invocations=10 (full 2):
 PSYoungGen      total 108032K, used 14671K [0x000000076b380000, 0x0000000772980000, 0x00000007c0000000)
  eden space 97280K, 4% used [0x000000076b380000,0x000000076b757a08,0x0000000771280000)
  from space 10752K, 99% used [0x0000000771480000,0x0000000771efc4f0,0x0000000771f00000)
  to   space 10752K, 0% used [0x0000000771f00000,0x0000000771f00000,0x0000000772980000)
 ParOldGen       total 127488K, used 78523K [0x00000006c1a00000, 0x00000006c9680000, 0x000000076b380000)
  object space 127488K, 61% used [0x00000006c1a00000,0x00000006c66aefb0,0x00000006c9680000)
 Metaspace       used 57637K, capacity 58698K, committed 58968K, reserved 1101824K
  class space    used 6691K, capacity 6965K, committed 7040K, reserved 1048576K
Event: 24.997 GC heap after
Heap after GC invocations=10 (full 2):
 PSYoungGen      total 108032K, used 10724K [0x000000076b380000, 0x0000000772980000, 0x00000007c0000000)
  eden space 97280K, 0% used [0x000000076b380000,0x000000076b380000,0x0000000771280000)
  from space 10752K, 99% used [0x0000000771f00000,0x0000000772979328,0x0000000772980000)
  to   space 10752K, 0% used [0x0000000771480000,0x0000000771480000,0x0000000771f00000)
 ParOldGen       total 127488K, used 79079K [0x00000006c1a00000, 0x00000006c9680000, 0x000000076b380000)
  object space 127488K, 62% used [0x00000006c1a00000,0x00000006c6739e38,0x00000006c9680000)
 Metaspace       used 57637K, capacity 58698K, committed 58968K, reserved 1101824K
  class space    used 6691K, capacity 6965K, committed 7040K, reserved 1048576K
}
Event: 24.997 GC heap before
{Heap before GC invocations=11 (full 3):
 PSYoungGen      total 108032K, used 10724K [0x000000076b380000, 0x0000000772980000, 0x00000007c0000000)
  eden space 97280K, 0% used [0x000000076b380000,0x000000076b380000,0x0000000771280000)
  from space 10752K, 99% used [0x0000000771f00000,0x0000000772979328,0x0000000772980000)
  to   space 10752K, 0% used [0x0000000771480000,0x0000000771480000,0x0000000771f00000)
 ParOldGen       total 127488K, used 79079K [0x00000006c1a00000, 0x00000006c9680000, 0x000000076b380000)
  object space 127488K, 62% used [0x00000006c1a00000,0x00000006c6739e38,0x00000006c9680000)
 Metaspace       used 57637K, capacity 58698K, committed 58968K, reserved 1101824K
  class space    used 6691K, capacity 6965K, committed 7040K, reserved 1048576K
Event: 25.547 GC heap after
Heap after GC invocations=11 (full 3):
 PSYoungGen      total 108032K, used 0K [0x000000076b380000, 0x0000000772980000, 0x00000007c0000000)
  eden space 97280K, 0% used [0x000000076b380000,0x000000076b380000,0x0000000771280000)
  from space 10752K, 0% used [0x0000000771f00000,0x0000000771f00000,0x0000000772980000)
  to   space 10752K, 0% used [0x0000000771480000,0x0000000771480000,0x0000000771f00000)
 ParOldGen       total 127488K, used 62424K [0x00000006c1a00000, 0x00000006c9680000, 0x000000076b380000)
  object space 127488K, 48% used [0x00000006c1a00000,0x00000006c56f63b8,0x00000006c9680000)
 Metaspace       used 57637K, capacity 58698K, committed 58968K, reserved 1101824K
  class space    used 6691K, capacity 6965K, committed 7040K, reserved 1048576K
}

