# JRE version: OpenJDK Runtime Environment (8.0_242-b01) (build 1.8.0_242-release-1644-b01)
# Java VM: OpenJDK 64-Bit Server VM (25.242-b01 mixed mode windows-amd64 compressed oops)
Heap:
 PSYoungGen      total 341504K, used 64684K [0x00000000e0000000, 0x00000000f7280000, 0x0000000100000000)
  eden space 312832K, 11% used [0x00000000e0000000,0x00000000e232ea28,0x00000000f3180000)
  from space 28672K, 99% used [0x00000000f5600000,0x00000000f71fc768,0x00000000f7200000)
  to   space 33280K, 0% used [0x00000000f3180000,0x00000000f3180000,0x00000000f5200000)
 ParOldGen       total 200192K, used 81170K [0x00000000a0000000, 0x00000000ac380000, 0x00000000e0000000)
  object space 200192K, 40% used [0x00000000a0000000,0x00000000a4f44bf0,0x00000000ac380000)
 Metaspace       used 93849K, capacity 98462K, committed 98584K, reserved 1134592K
  class space    used 12479K, capacity 13335K, committed 13336K, reserved 1048576K
GC Heap History (10 events):
Event: 32.317 GC heap before
{Heap before GC invocations=13 (full 3):
 PSYoungGen      total 248832K, used 13703K [0x00000000e0000000, 0x00000000f2600000, 0x0000000100000000)
  eden space 230400K, 0% used [0x00000000e0000000,0x00000000e0000000,0x00000000ee100000)
  from space 18432K, 74% used [0x00000000ef380000,0x00000000f00e1d80,0x00000000f0580000)
  to   space 18944K, 0% used [0x00000000ee100000,0x00000000ee100000,0x00000000ef380000)
 ParOldGen       total 124928K, used 34974K [0x00000000a0000000, 0x00000000a7a00000, 0x00000000e0000000)
  object space 124928K, 27% used [0x00000000a0000000,0x00000000a2227af0,0x00000000a7a00000)
 Metaspace       used 56932K, capacity 59082K, committed 59160K, reserved 1099776K
  class space    used 7683K, capacity 8179K, committed 8216K, reserved 1048576K
Event: 32.964 GC heap after
Heap after GC invocations=13 (full 3):
 PSYoungGen      total 248832K, used 0K [0x00000000e0000000, 0x00000000f2600000, 0x0000000100000000)
  eden space 230400K, 0% used [0x00000000e0000000,0x00000000e0000000,0x00000000ee100000)
  from space 18432K, 0% used [0x00000000ef380000,0x00000000ef380000,0x00000000f0580000)
  to   space 18944K, 0% used [0x00000000ee100000,0x00000000ee100000,0x00000000ef380000)
 ParOldGen       total 200192K, used 45356K [0x00000000a0000000, 0x00000000ac380000, 0x00000000e0000000)
  object space 200192K, 22% used [0x00000000a0000000,0x00000000a2c4b2e0,0x00000000ac380000)
 Metaspace       used 56917K, capacity 59028K, committed 59160K, reserved 1099776K
  class space    used 7678K, capacity 8170K, committed 8216K, reserved 1048576K
}
Event: 46.398 GC heap before
{Heap before GC invocations=14 (full 3):
 PSYoungGen      total 248832K, used 230400K [0x00000000e0000000, 0x00000000f2600000, 0x0000000100000000)
  eden space 230400K, 100% used [0x00000000e0000000,0x00000000ee100000,0x00000000ee100000)
  from space 18432K, 0% used [0x00000000ef380000,0x00000000ef380000,0x00000000f0580000)
  to   space 18944K, 0% used [0x00000000ee100000,0x00000000ee100000,0x00000000ef380000)
 ParOldGen       total 200192K, used 45356K [0x00000000a0000000, 0x00000000ac380000, 0x00000000e0000000)
  object space 200192K, 22% used [0x00000000a0000000,0x00000000a2c4b2e0,0x00000000ac380000)
 Metaspace       used 67812K, capacity 70860K, committed 71192K, reserved 1110016K
  class space    used 9235K, capacity 9898K, committed 10008K, reserved 1048576K
Event: 46.478 GC heap after
Heap after GC invocations=14 (full 3):
 PSYoungGen      total 249344K, used 18920K [0x00000000e0000000, 0x00000000f3f00000, 0x0000000100000000)
  eden space 230400K, 0% used [0x00000000e0000000,0x00000000e0000000,0x00000000ee100000)
  from space 18944K, 99% used [0x00000000ee100000,0x00000000ef37a3f8,0x00000000ef380000)
  to   space 22528K, 0% used [0x00000000f2900000,0x00000000f2900000,0x00000000f3f00000)
 ParOldGen       total 200192K, used 49364K [0x00000000a0000000, 0x00000000ac380000, 0x00000000e0000000)
  object space 200192K, 24% used [0x00000000a0000000,0x00000000a3035200,0x00000000ac380000)
 Metaspace       used 67812K, capacity 70860K, committed 71192K, reserved 1110016K
  class space    used 9235K, capacity 9898K, committed 10008K, reserved 1048576K
}
Event: 60.263 GC heap before
{Heap before GC invocations=15 (full 3):
 PSYoungGen      total 249344K, used 249320K [0x00000000e0000000, 0x00000000f3f00000, 0x0000000100000000)
  eden space 230400K, 100% used [0x00000000e0000000,0x00000000ee100000,0x00000000ee100000)
  from space 18944K, 99% used [0x00000000ee100000,0x00000000ef37a3f8,0x00000000ef380000)
  to   space 22528K, 0% used [0x00000000f2900000,0x00000000f2900000,0x00000000f3f00000)
 ParOldGen       total 200192K, used 49364K [0x00000000a0000000, 0x00000000ac380000, 0x00000000e0000000)
  object space 200192K, 24% used [0x00000000a0000000,0x00000000a3035200,0x00000000ac380000)
 Metaspace       used 73637K, capacity 76956K, committed 77208K, reserved 1116160K
  class space    used 9939K, capacity 10580K, committed 10648K, reserved 1048576K
Event: 60.362 GC heap after
Heap after GC invocations=15 (full 3):
 PSYoungGen      total 297472K, used 22512K [0x00000000e0000000, 0x00000000f4700000, 0x0000000100000000)
  eden space 274944K, 0% used [0x00000000e0000000,0x00000000e0000000,0x00000000f0c80000)
  from space 22528K, 99% used [0x00000000f2900000,0x00000000f3efc088,0x00000000f3f00000)
  to   space 29184K, 0% used [0x00000000f0c80000,0x00000000f0c80000,0x00000000f2900000)
 ParOldGen       total 200192K, used 59608K [0x00000000a0000000, 0x00000000ac380000, 0x00000000e0000000)
  object space 200192K, 29% used [0x00000000a0000000,0x00000000a3a362d0,0x00000000ac380000)
 Metaspace       used 73637K, capacity 76956K, committed 77208K, reserved 1116160K
  class space    used 9939K, capacity 10580K, committed 10648K, reserved 1048576K
}
Event: 109.856 GC heap before
{Heap before GC invocations=16 (full 3):
 PSYoungGen      total 297472K, used 297456K [0x00000000e0000000, 0x00000000f4700000, 0x0000000100000000)
  eden space 274944K, 100% used [0x00000000e0000000,0x00000000f0c80000,0x00000000f0c80000)
  from space 22528K, 99% used [0x00000000f2900000,0x00000000f3efc088,0x00000000f3f00000)
  to   space 29184K, 0% used [0x00000000f0c80000,0x00000000f0c80000,0x00000000f2900000)
 ParOldGen       total 200192K, used 59608K [0x00000000a0000000, 0x00000000ac380000, 0x00000000e0000000)
  object space 200192K, 29% used [0x00000000a0000000,0x00000000a3a362d0,0x00000000ac380000)
 Metaspace       used 79620K, capacity 83122K, committed 83352K, reserved 1122304K
  class space    used 10674K, capacity 11367K, committed 11416K, reserved 1048576K
Event: 109.961 GC heap after
Heap after GC invocations=16 (full 3):
 PSYoungGen      total 304128K, used 16461K [0x00000000e0000000, 0x00000000f7200000, 0x0000000100000000)
  eden space 274944K, 0% used [0x00000000e0000000,0x00000000e0000000,0x00000000f0c80000)
  from space 29184K, 56% used [0x00000000f0c80000,0x00000000f1c93788,0x00000000f2900000)
  to   space 28672K, 0% used [0x00000000f5600000,0x00000000f5600000,0x00000000f7200000)
 ParOldGen       total 200192K, used 79765K [0x00000000a0000000, 0x00000000ac380000, 0x00000000e0000000)
  object space 200192K, 39% used [0x00000000a0000000,0x00000000a4de54b0,0x00000000ac380000)
 Metaspace       used 79620K, capacity 83122K, committed 83352K, reserved 1122304K
  class space    used 10674K, capacity 11367K, committed 11416K, reserved 1048576K
}
Event: 1392.093 GC heap before
{Heap before GC invocations=17 (full 3):
 PSYoungGen      total 304128K, used 291405K [0x00000000e0000000, 0x00000000f7200000, 0x0000000100000000)
  eden space 274944K, 100% used [0x00000000e0000000,0x00000000f0c80000,0x00000000f0c80000)
  from space 29184K, 56% used [0x00000000f0c80000,0x00000000f1c93788,0x00000000f2900000)
  to   space 28672K, 0% used [0x00000000f5600000,0x00000000f5600000,0x00000000f7200000)
 ParOldGen       total 200192K, used 79765K [0x00000000a0000000, 0x00000000ac380000, 0x00000000e0000000)
  object space 200192K, 39% used [0x00000000a0000000,0x00000000a4de54b0,0x00000000ac380000)
 Metaspace       used 93802K, capacity 98392K, committed 98584K, reserved 1134592K
  class space    used 12478K, capacity 13334K, committed 13336K, reserved 1048576K
Event: 1392.194 GC heap after
Heap after GC invocations=17 (full 3):
 PSYoungGen      total 341504K, used 28657K [0x00000000e0000000, 0x00000000f7280000, 0x0000000100000000)
  eden space 312832K, 0% used [0x00000000e0000000,0x00000000e0000000,0x00000000f3180000)
  from space 28672K, 99% used [0x00000000f5600000,0x00000000f71fc768,0x00000000f7200000)
  to   space 33280K, 0% used [0x00000000f3180000,0x00000000f3180000,0x00000000f5200000)
 ParOldGen       total 200192K, used 81170K [0x00000000a0000000, 0x00000000ac380000, 0x00000000e0000000)
  object space 200192K, 40% used [0x00000000a0000000,0x00000000a4f44bf0,0x00000000ac380000)
 Metaspace       used 93802K, capacity 98392K, committed 98584K, reserved 1134592K
  class space    used 12478K, capacity 13334K, committed 13336K, reserved 1048576K
}

