# JRE version: OpenJDK Runtime Environment (8.0_242-b01) (build 1.8.0_242-release-1644-b01)
# Java VM: OpenJDK 64-Bit Server VM (25.242-b01 mixed mode windows-amd64 compressed oops)
Heap:
 PSYoungGen      total 256512K, used 26912K [0x00000000e0000000, 0x00000000f2a80000, 0x0000000100000000)
  eden space 238080K, 11% used [0x00000000e0000000,0x00000000e1a48360,0x00000000ee880000)
  from space 18432K, 0% used [0x00000000efb80000,0x00000000efb80000,0x00000000f0d80000)
  to   space 19456K, 0% used [0x00000000ee880000,0x00000000ee880000,0x00000000efb80000)
 ParOldGen       total 192000K, used 34718K [0x00000000a0000000, 0x00000000abb80000, 0x00000000e0000000)
  object space 192000K, 18% used [0x00000000a0000000,0x00000000a21e7818,0x00000000abb80000)
 Metaspace       used 58324K, capacity 60636K, committed 60952K, reserved 1101824K
  class space    used 7907K, capacity 8414K, committed 8472K, reserved 1048576K
GC Heap History (10 events):
Event: 10.587 GC heap before
{Heap before GC invocations=9 (full 2):
 PSYoungGen      total 123904K, used 8620K [0x00000000e0000000, 0x00000000eda80000, 0x0000000100000000)
  eden space 111616K, 0% used [0x00000000e0000000,0x00000000e0000000,0x00000000e6d00000)
  from space 12288K, 70% used [0x00000000e6d00000,0x00000000e756b3e0,0x00000000e7900000)
  to   space 11776K, 0% used [0x00000000ecf00000,0x00000000ecf00000,0x00000000eda80000)
 ParOldGen       total 90624K, used 7063K [0x00000000a0000000, 0x00000000a5880000, 0x00000000e0000000)
  object space 90624K, 7% used [0x00000000a0000000,0x00000000a06e5f30,0x00000000a5880000)
 Metaspace       used 34268K, capacity 35424K, committed 35496K, reserved 1079296K
  class space    used 4714K, capacity 5005K, committed 5032K, reserved 1048576K
Event: 10.684 GC heap after
Heap after GC invocations=9 (full 2):
 PSYoungGen      total 123904K, used 0K [0x00000000e0000000, 0x00000000eda80000, 0x0000000100000000)
  eden space 111616K, 0% used [0x00000000e0000000,0x00000000e0000000,0x00000000e6d00000)
  from space 12288K, 0% used [0x00000000e6d00000,0x00000000e6d00000,0x00000000e7900000)
  to   space 11776K, 0% used [0x00000000ecf00000,0x00000000ecf00000,0x00000000eda80000)
 ParOldGen       total 129024K, used 15046K [0x00000000a0000000, 0x00000000a7e00000, 0x00000000e0000000)
  object space 129024K, 11% used [0x00000000a0000000,0x00000000a0eb1818,0x00000000a7e00000)
 Metaspace       used 34268K, capacity 35424K, committed 35496K, reserved 1079296K
  class space    used 4714K, capacity 5005K, committed 5032K, reserved 1048576K
}
Event: 12.214 GC heap before
{Heap before GC invocations=10 (full 2):
 PSYoungGen      total 123904K, used 111616K [0x00000000e0000000, 0x00000000eda80000, 0x0000000100000000)
  eden space 111616K, 100% used [0x00000000e0000000,0x00000000e6d00000,0x00000000e6d00000)
  from space 12288K, 0% used [0x00000000e6d00000,0x00000000e6d00000,0x00000000e7900000)
  to   space 11776K, 0% used [0x00000000ecf00000,0x00000000ecf00000,0x00000000eda80000)
 ParOldGen       total 129024K, used 15046K [0x00000000a0000000, 0x00000000a7e00000, 0x00000000e0000000)
  object space 129024K, 11% used [0x00000000a0000000,0x00000000a0eb1818,0x00000000a7e00000)
 Metaspace       used 36865K, capacity 38422K, committed 38440K, reserved 1083392K
  class space    used 5058K, capacity 5402K, committed 5416K, reserved 1048576K
Event: 12.231 GC heap after
Heap after GC invocations=10 (full 2):
 PSYoungGen      total 185856K, used 7823K [0x00000000e0000000, 0x00000000ed700000, 0x0000000100000000)
  eden space 177664K, 0% used [0x00000000e0000000,0x00000000e0000000,0x00000000ead80000)
  from space 8192K, 95% used [0x00000000ecf00000,0x00000000ed6a3e90,0x00000000ed700000)
  to   space 11264K, 0% used [0x00000000ec100000,0x00000000ec100000,0x00000000ecc00000)
 ParOldGen       total 129024K, used 15054K [0x00000000a0000000, 0x00000000a7e00000, 0x00000000e0000000)
  object space 129024K, 11% used [0x00000000a0000000,0x00000000a0eb3818,0x00000000a7e00000)
 Metaspace       used 36865K, capacity 38422K, committed 38440K, reserved 1083392K
  class space    used 5058K, capacity 5402K, committed 5416K, reserved 1048576K
}
Event: 16.202 GC heap before
{Heap before GC invocations=11 (full 2):
 PSYoungGen      total 185856K, used 185487K [0x00000000e0000000, 0x00000000ed700000, 0x0000000100000000)
  eden space 177664K, 100% used [0x00000000e0000000,0x00000000ead80000,0x00000000ead80000)
  from space 8192K, 95% used [0x00000000ecf00000,0x00000000ed6a3e90,0x00000000ed700000)
  to   space 11264K, 0% used [0x00000000ec100000,0x00000000ec100000,0x00000000ecc00000)
 ParOldGen       total 129024K, used 15054K [0x00000000a0000000, 0x00000000a7e00000, 0x00000000e0000000)
  object space 129024K, 11% used [0x00000000a0000000,0x00000000a0eb3818,0x00000000a7e00000)
 Metaspace       used 52843K, capacity 54818K, committed 55208K, reserved 1097728K
  class space    used 7016K, capacity 7473K, committed 7592K, reserved 1048576K
Event: 16.281 GC heap after
Heap after GC invocations=11 (full 2):
 PSYoungGen      total 208896K, used 11260K [0x00000000e0000000, 0x00000000f0d80000, 0x0000000100000000)
  eden space 197632K, 0% used [0x00000000e0000000,0x00000000e0000000,0x00000000ec100000)
  from space 11264K, 99% used [0x00000000ec100000,0x00000000ecbff340,0x00000000ecc00000)
  to   space 18432K, 0% used [0x00000000efb80000,0x00000000efb80000,0x00000000f0d80000)
 ParOldGen       total 129024K, used 30765K [0x00000000a0000000, 0x00000000a7e00000, 0x00000000e0000000)
  object space 129024K, 23% used [0x00000000a0000000,0x00000000a1e0b658,0x00000000a7e00000)
 Metaspace       used 52843K, capacity 54818K, committed 55208K, reserved 1097728K
  class space    used 7016K, capacity 7473K, committed 7592K, reserved 1048576K
}
Event: 17.612 GC heap before
{Heap before GC invocations=12 (full 2):
 PSYoungGen      total 208896K, used 65883K [0x00000000e0000000, 0x00000000f0d80000, 0x0000000100000000)
  eden space 197632K, 27% used [0x00000000e0000000,0x00000000e35579d8,0x00000000ec100000)
  from space 11264K, 99% used [0x00000000ec100000,0x00000000ecbff340,0x00000000ecc00000)
  to   space 18432K, 0% used [0x00000000efb80000,0x00000000efb80000,0x00000000f0d80000)
 ParOldGen       total 129024K, used 30765K [0x00000000a0000000, 0x00000000a7e00000, 0x00000000e0000000)
  object space 129024K, 23% used [0x00000000a0000000,0x00000000a1e0b658,0x00000000a7e00000)
 Metaspace       used 56874K, capacity 59066K, committed 59160K, reserved 1099776K
  class space    used 7682K, capacity 8177K, committed 8216K, reserved 1048576K
Event: 17.652 GC heap after
Heap after GC invocations=12 (full 2):
 PSYoungGen      total 256512K, used 14911K [0x00000000e0000000, 0x00000000f2a80000, 0x0000000100000000)
  eden space 238080K, 0% used [0x00000000e0000000,0x00000000e0000000,0x00000000ee880000)
  from space 18432K, 80% used [0x00000000efb80000,0x00000000f0a0fed8,0x00000000f0d80000)
  to   space 19456K, 0% used [0x00000000ee880000,0x00000000ee880000,0x00000000efb80000)
 ParOldGen       total 129024K, used 33685K [0x00000000a0000000, 0x00000000a7e00000, 0x00000000e0000000)
  object space 129024K, 26% used [0x00000000a0000000,0x00000000a20e5708,0x00000000a7e00000)
 Metaspace       used 56874K, capacity 59066K, committed 59160K, reserved 1099776K
  class space    used 7682K, capacity 8177K, committed 8216K, reserved 1048576K
}
Event: 17.652 GC heap before
{Heap before GC invocations=13 (full 3):
 PSYoungGen      total 256512K, used 14911K [0x00000000e0000000, 0x00000000f2a80000, 0x0000000100000000)
  eden space 238080K, 0% used [0x00000000e0000000,0x00000000e0000000,0x00000000ee880000)
  from space 18432K, 80% used [0x00000000efb80000,0x00000000f0a0fed8,0x00000000f0d80000)
  to   space 19456K, 0% used [0x00000000ee880000,0x00000000ee880000,0x00000000efb80000)
 ParOldGen       total 129024K, used 33685K [0x00000000a0000000, 0x00000000a7e00000, 0x00000000e0000000)
  object space 129024K, 26% used [0x00000000a0000000,0x00000000a20e5708,0x00000000a7e00000)
 Metaspace       used 56874K, capacity 59066K, committed 59160K, reserved 1099776K
  class space    used 7682K, capacity 8177K, committed 8216K, reserved 1048576K
Event: 18.053 GC heap after
Heap after GC invocations=13 (full 3):
 PSYoungGen      total 256512K, used 0K [0x00000000e0000000, 0x00000000f2a80000, 0x0000000100000000)
  eden space 238080K, 0% used [0x00000000e0000000,0x00000000e0000000,0x00000000ee880000)
  from space 18432K, 0% used [0x00000000efb80000,0x00000000efb80000,0x00000000f0d80000)
  to   space 19456K, 0% used [0x00000000ee880000,0x00000000ee880000,0x00000000efb80000)
 ParOldGen       total 192000K, used 34718K [0x00000000a0000000, 0x00000000abb80000, 0x00000000e0000000)
  object space 192000K, 18% used [0x00000000a0000000,0x00000000a21e7818,0x00000000abb80000)
 Metaspace       used 56861K, capacity 59024K, committed 59160K, reserved 1099776K
  class space    used 7678K, capacity 8170K, committed 8216K, reserved 1048576K
}

