# JRE version: OpenJDK Runtime Environment (8.0_242-b01) (build 1.8.0_242-release-1644-b01)
# Java VM: OpenJDK 64-Bit Server VM (25.242-b01 mixed mode windows-amd64 compressed oops)
Heap:
 PSYoungGen      total 151552K, used 28159K [0x000000076b380000, 0x0000000779f80000, 0x00000007c0000000)
  eden space 123904K, 22% used [0x000000076b380000,0x000000076ceffcc0,0x0000000772c80000)
  from space 27648K, 0% used [0x0000000772c80000,0x0000000772c80000,0x0000000774780000)
  to   space 37888K, 0% used [0x0000000777a80000,0x0000000777a80000,0x0000000779f80000)
 ParOldGen       total 304128K, used 68950K [0x00000006c1a00000, 0x00000006d4300000, 0x000000076b380000)
  object space 304128K, 22% used [0x00000006c1a00000,0x00000006c5d55ac0,0x00000006d4300000)
 Metaspace       used 62061K, capacity 63274K, committed 63448K, reserved 1107968K
  class space    used 7081K, capacity 7405K, committed 7424K, reserved 1048576K
GC Heap History (10 events):
Event: 7.622 GC heap before
{Heap before GC invocations=6 (full 2):
 PSYoungGen      total 104448K, used 10725K [0x000000076b380000, 0x0000000772400000, 0x00000007c0000000)
  eden space 93696K, 0% used [0x000000076b380000,0x000000076b380000,0x0000000770f00000)
  from space 10752K, 99% used [0x0000000771980000,0x00000007723f9410,0x0000000772400000)
  to   space 10752K, 0% used [0x0000000770f00000,0x0000000770f00000,0x0000000771980000)
 ParOldGen       total 134656K, used 31341K [0x00000006c1a00000, 0x00000006c9d80000, 0x000000076b380000)
  object space 134656K, 23% used [0x00000006c1a00000,0x00000006c389b740,0x00000006c9d80000)
 Metaspace       used 34700K, capacity 35202K, committed 35416K, reserved 1081344K
  class space    used 4329K, capacity 4476K, committed 4480K, reserved 1048576K
Event: 7.765 GC heap after
Heap after GC invocations=6 (full 2):
 PSYoungGen      total 104448K, used 0K [0x000000076b380000, 0x0000000772400000, 0x00000007c0000000)
  eden space 93696K, 0% used [0x000000076b380000,0x000000076b380000,0x0000000770f00000)
  from space 10752K, 0% used [0x0000000771980000,0x0000000771980000,0x0000000772400000)
  to   space 10752K, 0% used [0x0000000770f00000,0x0000000770f00000,0x0000000771980000)
 ParOldGen       total 204288K, used 34345K [0x00000006c1a00000, 0x00000006ce180000, 0x000000076b380000)
  object space 204288K, 16% used [0x00000006c1a00000,0x00000006c3b8a6f0,0x00000006ce180000)
 Metaspace       used 34700K, capacity 35202K, committed 35416K, reserved 1081344K
  class space    used 4329K, capacity 4476K, committed 4480K, reserved 1048576K
}
Event: 11.097 GC heap before
{Heap before GC invocations=7 (full 2):
 PSYoungGen      total 104448K, used 93696K [0x000000076b380000, 0x0000000772400000, 0x00000007c0000000)
  eden space 93696K, 100% used [0x000000076b380000,0x0000000770f00000,0x0000000770f00000)
  from space 10752K, 0% used [0x0000000771980000,0x0000000771980000,0x0000000772400000)
  to   space 10752K, 0% used [0x0000000770f00000,0x0000000770f00000,0x0000000771980000)
 ParOldGen       total 204288K, used 34345K [0x00000006c1a00000, 0x00000006ce180000, 0x000000076b380000)
  object space 204288K, 16% used [0x00000006c1a00000,0x00000006c3b8a6f0,0x00000006ce180000)
 Metaspace       used 44138K, capacity 44916K, committed 45272K, reserved 1089536K
  class space    used 5395K, capacity 5632K, committed 5632K, reserved 1048576K
Event: 11.143 GC heap after
Heap after GC invocations=7 (full 2):
 PSYoungGen      total 104448K, used 10745K [0x000000076b380000, 0x0000000775d80000, 0x00000007c0000000)
  eden space 93696K, 0% used [0x000000076b380000,0x000000076b380000,0x0000000770f00000)
  from space 10752K, 99% used [0x0000000770f00000,0x000000077197e418,0x0000000771980000)
  to   space 22528K, 0% used [0x0000000774780000,0x0000000774780000,0x0000000775d80000)
 ParOldGen       total 204288K, used 41626K [0x00000006c1a00000, 0x00000006ce180000, 0x000000076b380000)
  object space 204288K, 20% used [0x00000006c1a00000,0x00000006c42a6b98,0x00000006ce180000)
 Metaspace       used 44138K, capacity 44916K, committed 45272K, reserved 1089536K
  class space    used 5395K, capacity 5632K, committed 5632K, reserved 1048576K
}
Event: 14.907 GC heap before
{Heap before GC invocations=8 (full 2):
 PSYoungGen      total 104448K, used 104441K [0x000000076b380000, 0x0000000775d80000, 0x00000007c0000000)
  eden space 93696K, 100% used [0x000000076b380000,0x0000000770f00000,0x0000000770f00000)
  from space 10752K, 99% used [0x0000000770f00000,0x000000077197e418,0x0000000771980000)
  to   space 22528K, 0% used [0x0000000774780000,0x0000000774780000,0x0000000775d80000)
 ParOldGen       total 204288K, used 41626K [0x00000006c1a00000, 0x00000006ce180000, 0x000000076b380000)
  object space 204288K, 20% used [0x00000006c1a00000,0x00000006c42a6b98,0x00000006ce180000)
 Metaspace       used 50184K, capacity 51132K, committed 51416K, reserved 1093632K
  class space    used 6051K, capacity 6324K, committed 6400K, reserved 1048576K
Event: 14.984 GC heap after
Heap after GC invocations=8 (full 2):
 PSYoungGen      total 146432K, used 22499K [0x000000076b380000, 0x0000000776680000, 0x00000007c0000000)
  eden space 123904K, 0% used [0x000000076b380000,0x000000076b380000,0x0000000772c80000)
  from space 22528K, 99% used [0x0000000774780000,0x0000000775d78ed8,0x0000000775d80000)
  to   space 27648K, 0% used [0x0000000772c80000,0x0000000772c80000,0x0000000774780000)
 ParOldGen       total 204288K, used 46811K [0x00000006c1a00000, 0x00000006ce180000, 0x000000076b380000)
  object space 204288K, 22% used [0x00000006c1a00000,0x00000006c47b6f20,0x00000006ce180000)
 Metaspace       used 50184K, capacity 51132K, committed 51416K, reserved 1093632K
  class space    used 6051K, capacity 6324K, committed 6400K, reserved 1048576K
}
Event: 20.753 GC heap before
{Heap before GC invocations=9 (full 2):
 PSYoungGen      total 146432K, used 131204K [0x000000076b380000, 0x0000000776680000, 0x00000007c0000000)
  eden space 123904K, 87% used [0x000000076b380000,0x0000000771da8190,0x0000000772c80000)
  from space 22528K, 99% used [0x0000000774780000,0x0000000775d78ed8,0x0000000775d80000)
  to   space 27648K, 0% used [0x0000000772c80000,0x0000000772c80000,0x0000000774780000)
 ParOldGen       total 204288K, used 46811K [0x00000006c1a00000, 0x00000006ce180000, 0x000000076b380000)
  object space 204288K, 22% used [0x00000006c1a00000,0x00000006c47b6f20,0x00000006ce180000)
 Metaspace       used 57685K, capacity 58702K, committed 58968K, reserved 1101824K
  class space    used 6699K, capacity 6965K, committed 7040K, reserved 1048576K
Event: 20.827 GC heap after
Heap after GC invocations=9 (full 2):
 PSYoungGen      total 151552K, used 27635K [0x000000076b380000, 0x0000000779f80000, 0x00000007c0000000)
  eden space 123904K, 0% used [0x000000076b380000,0x000000076b380000,0x0000000772c80000)
  from space 27648K, 99% used [0x0000000772c80000,0x000000077477cd90,0x0000000774780000)
  to   space 37888K, 0% used [0x0000000777a80000,0x0000000777a80000,0x0000000779f80000)
 ParOldGen       total 204288K, used 60379K [0x00000006c1a00000, 0x00000006ce180000, 0x000000076b380000)
  object space 204288K, 29% used [0x00000006c1a00000,0x00000006c54f6d58,0x00000006ce180000)
 Metaspace       used 57685K, capacity 58702K, committed 58968K, reserved 1101824K
  class space    used 6699K, capacity 6965K, committed 7040K, reserved 1048576K
}
Event: 20.827 GC heap before
{Heap before GC invocations=10 (full 3):
 PSYoungGen      total 151552K, used 27635K [0x000000076b380000, 0x0000000779f80000, 0x00000007c0000000)
  eden space 123904K, 0% used [0x000000076b380000,0x000000076b380000,0x0000000772c80000)
  from space 27648K, 99% used [0x0000000772c80000,0x000000077477cd90,0x0000000774780000)
  to   space 37888K, 0% used [0x0000000777a80000,0x0000000777a80000,0x0000000779f80000)
 ParOldGen       total 204288K, used 60379K [0x00000006c1a00000, 0x00000006ce180000, 0x000000076b380000)
  object space 204288K, 29% used [0x00000006c1a00000,0x00000006c54f6d58,0x00000006ce180000)
 Metaspace       used 57685K, capacity 58702K, committed 58968K, reserved 1101824K
  class space    used 6699K, capacity 6965K, committed 7040K, reserved 1048576K
Event: 21.355 GC heap after
Heap after GC invocations=10 (full 3):
 PSYoungGen      total 151552K, used 0K [0x000000076b380000, 0x0000000779f80000, 0x00000007c0000000)
  eden space 123904K, 0% used [0x000000076b380000,0x000000076b380000,0x0000000772c80000)
  from space 27648K, 0% used [0x0000000772c80000,0x0000000772c80000,0x0000000774780000)
  to   space 37888K, 0% used [0x0000000777a80000,0x0000000777a80000,0x0000000779f80000)
 ParOldGen       total 304128K, used 68950K [0x00000006c1a00000, 0x00000006d4300000, 0x000000076b380000)
  object space 304128K, 22% used [0x00000006c1a00000,0x00000006c5d55ac0,0x00000006d4300000)
 Metaspace       used 57685K, capacity 58702K, committed 58968K, reserved 1101824K
  class space    used 6699K, capacity 6965K, committed 7040K, reserved 1048576K
}

