# JRE version: OpenJDK Runtime Environment (8.0_242-b01) (build 1.8.0_242-release-1644-b01)
# Java VM: OpenJDK 64-Bit Server VM (25.242-b01 mixed mode windows-amd64 compressed oops)
Heap:
 PSYoungGen      total 246272K, used 131084K [0x00000000e0000000, 0x00000000f3a80000, 0x0000000100000000)
  eden space 226816K, 49% used [0x00000000e0000000,0x00000000e6d04fc8,0x00000000edd80000)
  from space 19456K, 99% used [0x00000000edd80000,0x00000000ef07e408,0x00000000ef080000)
  to   space 23040K, 0% used [0x00000000f2400000,0x00000000f2400000,0x00000000f3a80000)
 ParOldGen       total 130048K, used 38380K [0x00000000a0000000, 0x00000000a7f00000, 0x00000000e0000000)
  object space 130048K, 29% used [0x00000000a0000000,0x00000000a257b068,0x00000000a7f00000)
 Metaspace       used 69868K, capacity 73112K, committed 73368K, reserved 1112064K
  class space    used 9499K, capacity 10130K, committed 10144K, reserved 1048576K
GC Heap History (10 events):
Event: 13.105 GC heap before
{Heap before GC invocations=10 (full 2):
 PSYoungGen      total 126464K, used 114176K [0x00000000e0000000, 0x00000000edf80000, 0x0000000100000000)
  eden space 114176K, 100% used [0x00000000e0000000,0x00000000e6f80000,0x00000000e6f80000)
  from space 12288K, 0% used [0x00000000e6f80000,0x00000000e6f80000,0x00000000e7b80000)
  to   space 11776K, 0% used [0x00000000ed400000,0x00000000ed400000,0x00000000edf80000)
 ParOldGen       total 130048K, used 15026K [0x00000000a0000000, 0x00000000a7f00000, 0x00000000e0000000)
  object space 130048K, 11% used [0x00000000a0000000,0x00000000a0eac878,0x00000000a7f00000)
 Metaspace       used 36857K, capacity 38394K, committed 38440K, reserved 1083392K
  class space    used 5057K, capacity 5398K, committed 5424K, reserved 1048576K
Event: 13.120 GC heap after
Heap after GC invocations=10 (full 2):
 PSYoungGen      total 183296K, used 7904K [0x00000000e0000000, 0x00000000edc00000, 0x0000000100000000)
  eden space 175104K, 0% used [0x00000000e0000000,0x00000000e0000000,0x00000000eab00000)
  from space 8192K, 96% used [0x00000000ed400000,0x00000000edbb8090,0x00000000edc00000)
  to   space 11776K, 0% used [0x00000000ec500000,0x00000000ec500000,0x00000000ed080000)
 ParOldGen       total 130048K, used 15034K [0x00000000a0000000, 0x00000000a7f00000, 0x00000000e0000000)
  object space 130048K, 11% used [0x00000000a0000000,0x00000000a0eae878,0x00000000a7f00000)
 Metaspace       used 36857K, capacity 38394K, committed 38440K, reserved 1083392K
  class space    used 5057K, capacity 5398K, committed 5424K, reserved 1048576K
}
Event: 17.023 GC heap before
{Heap before GC invocations=11 (full 2):
 PSYoungGen      total 183296K, used 183008K [0x00000000e0000000, 0x00000000edc00000, 0x0000000100000000)
  eden space 175104K, 100% used [0x00000000e0000000,0x00000000eab00000,0x00000000eab00000)
  from space 8192K, 96% used [0x00000000ed400000,0x00000000edbb8090,0x00000000edc00000)
  to   space 11776K, 0% used [0x00000000ec500000,0x00000000ec500000,0x00000000ed080000)
 ParOldGen       total 130048K, used 15034K [0x00000000a0000000, 0x00000000a7f00000, 0x00000000e0000000)
  object space 130048K, 11% used [0x00000000a0000000,0x00000000a0eae878,0x00000000a7f00000)
 Metaspace       used 52818K, capacity 54762K, committed 54824K, reserved 1097728K
  class space    used 7009K, capacity 7437K, committed 7472K, reserved 1048576K
Event: 17.074 GC heap after
Heap after GC invocations=11 (full 2):
 PSYoungGen      total 213504K, used 11748K [0x00000000e0000000, 0x00000000f0280000, 0x0000000100000000)
  eden space 201728K, 0% used [0x00000000e0000000,0x00000000e0000000,0x00000000ec500000)
  from space 11776K, 99% used [0x00000000ec500000,0x00000000ed079300,0x00000000ed080000)
  to   space 18432K, 0% used [0x00000000ef080000,0x00000000ef080000,0x00000000f0280000)
 ParOldGen       total 130048K, used 29613K [0x00000000a0000000, 0x00000000a7f00000, 0x00000000e0000000)
  object space 130048K, 22% used [0x00000000a0000000,0x00000000a1ceb518,0x00000000a7f00000)
 Metaspace       used 52818K, capacity 54762K, committed 54824K, reserved 1097728K
  class space    used 7009K, capacity 7437K, committed 7472K, reserved 1048576K
}
Event: 18.630 GC heap before
{Heap before GC invocations=12 (full 2):
 PSYoungGen      total 213504K, used 75587K [0x00000000e0000000, 0x00000000f0280000, 0x0000000100000000)
  eden space 201728K, 31% used [0x00000000e0000000,0x00000000e3e57928,0x00000000ec500000)
  from space 11776K, 99% used [0x00000000ec500000,0x00000000ed079300,0x00000000ed080000)
  to   space 18432K, 0% used [0x00000000ef080000,0x00000000ef080000,0x00000000f0280000)
 ParOldGen       total 130048K, used 29613K [0x00000000a0000000, 0x00000000a7f00000, 0x00000000e0000000)
  object space 130048K, 22% used [0x00000000a0000000,0x00000000a1ceb518,0x00000000a7f00000)
 Metaspace       used 56939K, capacity 59108K, committed 59160K, reserved 1099776K
  class space    used 7685K, capacity 8174K, committed 8224K, reserved 1048576K
Event: 18.663 GC heap after
Heap after GC invocations=12 (full 2):
 PSYoungGen      total 245248K, used 14977K [0x00000000e0000000, 0x00000000f2580000, 0x0000000100000000)
  eden space 226816K, 0% used [0x00000000e0000000,0x00000000e0000000,0x00000000edd80000)
  from space 18432K, 81% used [0x00000000ef080000,0x00000000eff207d8,0x00000000f0280000)
  to   space 19456K, 0% used [0x00000000edd80000,0x00000000edd80000,0x00000000ef080000)
 ParOldGen       total 130048K, used 33635K [0x00000000a0000000, 0x00000000a7f00000, 0x00000000e0000000)
  object space 130048K, 25% used [0x00000000a0000000,0x00000000a20d8de8,0x00000000a7f00000)
 Metaspace       used 56939K, capacity 59108K, committed 59160K, reserved 1099776K
  class space    used 7685K, capacity 8174K, committed 8224K, reserved 1048576K
}
Event: 18.663 GC heap before
{Heap before GC invocations=13 (full 3):
 PSYoungGen      total 245248K, used 14977K [0x00000000e0000000, 0x00000000f2580000, 0x0000000100000000)
  eden space 226816K, 0% used [0x00000000e0000000,0x00000000e0000000,0x00000000edd80000)
  from space 18432K, 81% used [0x00000000ef080000,0x00000000eff207d8,0x00000000f0280000)
  to   space 19456K, 0% used [0x00000000edd80000,0x00000000edd80000,0x00000000ef080000)
 ParOldGen       total 130048K, used 33635K [0x00000000a0000000, 0x00000000a7f00000, 0x00000000e0000000)
  object space 130048K, 25% used [0x00000000a0000000,0x00000000a20d8de8,0x00000000a7f00000)
 Metaspace       used 56939K, capacity 59108K, committed 59160K, reserved 1099776K
  class space    used 7685K, capacity 8174K, committed 8224K, reserved 1048576K
Event: 19.132 GC heap after
Heap after GC invocations=13 (full 3):
 PSYoungGen      total 245248K, used 0K [0x00000000e0000000, 0x00000000f2580000, 0x0000000100000000)
  eden space 226816K, 0% used [0x00000000e0000000,0x00000000e0000000,0x00000000edd80000)
  from space 18432K, 0% used [0x00000000ef080000,0x00000000ef080000,0x00000000f0280000)
  to   space 19456K, 0% used [0x00000000edd80000,0x00000000edd80000,0x00000000ef080000)
 ParOldGen       total 130048K, used 34774K [0x00000000a0000000, 0x00000000a7f00000, 0x00000000e0000000)
  object space 130048K, 26% used [0x00000000a0000000,0x00000000a21f59d8,0x00000000a7f00000)
 Metaspace       used 56933K, capacity 59090K, committed 59160K, reserved 1099776K
  class space    used 7683K, capacity 8171K, committed 8224K, reserved 1048576K
}
Event: 25.302 GC heap before
{Heap before GC invocations=14 (full 3):
 PSYoungGen      total 245248K, used 226816K [0x00000000e0000000, 0x00000000f2580000, 0x0000000100000000)
  eden space 226816K, 100% used [0x00000000e0000000,0x00000000edd80000,0x00000000edd80000)
  from space 18432K, 0% used [0x00000000ef080000,0x00000000ef080000,0x00000000f0280000)
  to   space 19456K, 0% used [0x00000000edd80000,0x00000000edd80000,0x00000000ef080000)
 ParOldGen       total 130048K, used 34774K [0x00000000a0000000, 0x00000000a7f00000, 0x00000000e0000000)
  object space 130048K, 26% used [0x00000000a0000000,0x00000000a21f59d8,0x00000000a7f00000)
 Metaspace       used 67674K, capacity 70816K, committed 71192K, reserved 1110016K
  class space    used 9242K, capacity 9890K, committed 10016K, reserved 1048576K
Event: 25.398 GC heap after
Heap after GC invocations=14 (full 3):
 PSYoungGen      total 246272K, used 19449K [0x00000000e0000000, 0x00000000f3a80000, 0x0000000100000000)
  eden space 226816K, 0% used [0x00000000e0000000,0x00000000e0000000,0x00000000edd80000)
  from space 19456K, 99% used [0x00000000edd80000,0x00000000ef07e408,0x00000000ef080000)
  to   space 23040K, 0% used [0x00000000f2400000,0x00000000f2400000,0x00000000f3a80000)
 ParOldGen       total 130048K, used 38380K [0x00000000a0000000, 0x00000000a7f00000, 0x00000000e0000000)
  object space 130048K, 29% used [0x00000000a0000000,0x00000000a257b068,0x00000000a7f00000)
 Metaspace       used 67674K, capacity 70816K, committed 71192K, reserved 1110016K
  class space    used 9242K, capacity 9890K, committed 10016K, reserved 1048576K
}

