# JRE version: OpenJDK Runtime Environment (8.0_242-b01) (build 1.8.0_242-release-1644-b01)
# Java VM: OpenJDK 64-Bit Server VM (25.242-b01 mixed mode windows-amd64 compressed oops)
Heap:
 PSYoungGen      total 420864K, used 419809K [0x00000000e0000000, 0x00000000fdb80000, 0x0000000100000000)
  eden space 387584K, 99% used [0x00000000e0000000,0x00000000f7979468,0x00000000f7a80000)
  from space 33280K, 99% used [0x00000000fa380000,0x00000000fc3ff320,0x00000000fc400000)
  to   space 41984K, 0% used [0x00000000f7a80000,0x00000000f7a80000,0x00000000fa380000)
 ParOldGen       total 297984K, used 84361K [0x00000000a0000000, 0x00000000b2300000, 0x00000000e0000000)
  object space 297984K, 28% used [0x00000000a0000000,0x00000000a52627d0,0x00000000b2300000)
 Metaspace       used 118265K, capacity 124346K, committed 124568K, reserved 1157120K
  class space    used 15254K, capacity 16440K, committed 16552K, reserved 1048576K
GC Heap History (10 events):
Event: 1624.931 GC heap before
{Heap before GC invocations=16 (full 3):
 PSYoungGen      total 308736K, used 302339K [0x00000000e0000000, 0x00000000f4500000, 0x0000000100000000)
  eden space 286720K, 99% used [0x00000000e0000000,0x00000000f165f7a0,0x00000000f1800000)
  from space 22016K, 78% used [0x00000000f2f80000,0x00000000f4061658,0x00000000f4500000)
  to   space 23040K, 0% used [0x00000000f1800000,0x00000000f1800000,0x00000000f2e80000)
 ParOldGen       total 188416K, used 48452K [0x00000000a0000000, 0x00000000ab800000, 0x00000000e0000000)
  object space 188416K, 25% used [0x00000000a0000000,0x00000000a2f51130,0x00000000ab800000)
 Metaspace       used 78090K, capacity 81436K, committed 81688K, reserved 1120256K
  class space    used 10267K, capacity 10930K, committed 11048K, reserved 1048576K
Event: 1625.042 GC heap after
Heap after GC invocations=16 (full 3):
 PSYoungGen      total 309760K, used 23028K [0x00000000e0000000, 0x00000000f9100000, 0x0000000100000000)
  eden space 286720K, 0% used [0x00000000e0000000,0x00000000e0000000,0x00000000f1800000)
  from space 23040K, 99% used [0x00000000f1800000,0x00000000f2e7d188,0x00000000f2e80000)
  to   space 32768K, 0% used [0x00000000f7100000,0x00000000f7100000,0x00000000f9100000)
 ParOldGen       total 188416K, used 66366K [0x00000000a0000000, 0x00000000ab800000, 0x00000000e0000000)
  object space 188416K, 35% used [0x00000000a0000000,0x00000000a40cfb68,0x00000000ab800000)
 Metaspace       used 78090K, capacity 81436K, committed 81688K, reserved 1120256K
  class space    used 10267K, capacity 10930K, committed 11048K, reserved 1048576K
}
Event: 1658.611 GC heap before
{Heap before GC invocations=17 (full 3):
 PSYoungGen      total 309760K, used 309748K [0x00000000e0000000, 0x00000000f9100000, 0x0000000100000000)
  eden space 286720K, 100% used [0x00000000e0000000,0x00000000f1800000,0x00000000f1800000)
  from space 23040K, 99% used [0x00000000f1800000,0x00000000f2e7d188,0x00000000f2e80000)
  to   space 32768K, 0% used [0x00000000f7100000,0x00000000f7100000,0x00000000f9100000)
 ParOldGen       total 188416K, used 66366K [0x00000000a0000000, 0x00000000ab800000, 0x00000000e0000000)
  object space 188416K, 35% used [0x00000000a0000000,0x00000000a40cfb68,0x00000000ab800000)
 Metaspace       used 82417K, capacity 85992K, committed 86296K, reserved 1124352K
  class space    used 10774K, capacity 11456K, committed 11560K, reserved 1048576K
Event: 1658.669 GC heap after
Heap after GC invocations=17 (full 3):
 PSYoungGen      total 357376K, used 13722K [0x00000000e0000000, 0x00000000f8580000, 0x0000000100000000)
  eden space 336384K, 0% used [0x00000000e0000000,0x00000000e0000000,0x00000000f4880000)
  from space 20992K, 65% used [0x00000000f7100000,0x00000000f7e66be0,0x00000000f8580000)
  to   space 31232K, 0% used [0x00000000f4880000,0x00000000f4880000,0x00000000f6700000)
 ParOldGen       total 188416K, used 86211K [0x00000000a0000000, 0x00000000ab800000, 0x00000000e0000000)
  object space 188416K, 45% used [0x00000000a0000000,0x00000000a5430de8,0x00000000ab800000)
 Metaspace       used 82417K, capacity 85992K, committed 86296K, reserved 1124352K
  class space    used 10774K, capacity 11456K, committed 11560K, reserved 1048576K
}
Event: 1662.250 GC heap before
{Heap before GC invocations=18 (full 3):
 PSYoungGen      total 357376K, used 111733K [0x00000000e0000000, 0x00000000f8580000, 0x0000000100000000)
  eden space 336384K, 29% used [0x00000000e0000000,0x00000000e5fb68a8,0x00000000f4880000)
  from space 20992K, 65% used [0x00000000f7100000,0x00000000f7e66be0,0x00000000f8580000)
  to   space 31232K, 0% used [0x00000000f4880000,0x00000000f4880000,0x00000000f6700000)
 ParOldGen       total 188416K, used 86211K [0x00000000a0000000, 0x00000000ab800000, 0x00000000e0000000)
  object space 188416K, 45% used [0x00000000a0000000,0x00000000a5430de8,0x00000000ab800000)
 Metaspace       used 94745K, capacity 98536K, committed 98584K, reserved 1134592K
  class space    used 12059K, capacity 12798K, committed 12840K, reserved 1048576K
Event: 1662.291 GC heap after
Heap after GC invocations=18 (full 3):
 PSYoungGen      total 367616K, used 24775K [0x00000000e0000000, 0x00000000fc400000, 0x0000000100000000)
  eden space 336384K, 0% used [0x00000000e0000000,0x00000000e0000000,0x00000000f4880000)
  from space 31232K, 79% used [0x00000000f4880000,0x00000000f60b1ce8,0x00000000f6700000)
  to   space 33280K, 0% used [0x00000000fa380000,0x00000000fa380000,0x00000000fc400000)
 ParOldGen       total 188416K, used 86219K [0x00000000a0000000, 0x00000000ab800000, 0x00000000e0000000)
  object space 188416K, 45% used [0x00000000a0000000,0x00000000a5432de8,0x00000000ab800000)
 Metaspace       used 94745K, capacity 98536K, committed 98584K, reserved 1134592K
  class space    used 12059K, capacity 12798K, committed 12840K, reserved 1048576K
}
Event: 1662.291 GC heap before
{Heap before GC invocations=19 (full 4):
 PSYoungGen      total 367616K, used 24775K [0x00000000e0000000, 0x00000000fc400000, 0x0000000100000000)
  eden space 336384K, 0% used [0x00000000e0000000,0x00000000e0000000,0x00000000f4880000)
  from space 31232K, 79% used [0x00000000f4880000,0x00000000f60b1ce8,0x00000000f6700000)
  to   space 33280K, 0% used [0x00000000fa380000,0x00000000fa380000,0x00000000fc400000)
 ParOldGen       total 188416K, used 86219K [0x00000000a0000000, 0x00000000ab800000, 0x00000000e0000000)
  object space 188416K, 45% used [0x00000000a0000000,0x00000000a5432de8,0x00000000ab800000)
 Metaspace       used 94745K, capacity 98536K, committed 98584K, reserved 1134592K
  class space    used 12059K, capacity 12798K, committed 12840K, reserved 1048576K
Event: 1662.802 GC heap after
Heap after GC invocations=19 (full 4):
 PSYoungGen      total 367616K, used 0K [0x00000000e0000000, 0x00000000fc400000, 0x0000000100000000)
  eden space 336384K, 0% used [0x00000000e0000000,0x00000000e0000000,0x00000000f4880000)
  from space 31232K, 0% used [0x00000000f4880000,0x00000000f4880000,0x00000000f6700000)
  to   space 33280K, 0% used [0x00000000fa380000,0x00000000fa380000,0x00000000fc400000)
 ParOldGen       total 297984K, used 73696K [0x00000000a0000000, 0x00000000b2300000, 0x00000000e0000000)
  object space 297984K, 24% used [0x00000000a0000000,0x00000000a47f8358,0x00000000b2300000)
 Metaspace       used 94416K, capacity 97854K, committed 98584K, reserved 1134592K
  class space    used 11983K, capacity 12658K, committed 12840K, reserved 1048576K
}
Event: 1680.724 GC heap before
{Heap before GC invocations=20 (full 4):
 PSYoungGen      total 367616K, used 336384K [0x00000000e0000000, 0x00000000fc400000, 0x0000000100000000)
  eden space 336384K, 100% used [0x00000000e0000000,0x00000000f4880000,0x00000000f4880000)
  from space 31232K, 0% used [0x00000000f4880000,0x00000000f4880000,0x00000000f6700000)
  to   space 33280K, 0% used [0x00000000fa380000,0x00000000fa380000,0x00000000fc400000)
 ParOldGen       total 297984K, used 73696K [0x00000000a0000000, 0x00000000b2300000, 0x00000000e0000000)
  object space 297984K, 24% used [0x00000000a0000000,0x00000000a47f8358,0x00000000b2300000)
 Metaspace       used 105059K, capacity 109748K, committed 109848K, reserved 1144832K
  class space    used 13452K, capacity 14369K, committed 14376K, reserved 1048576K
Event: 1680.814 GC heap after
Heap after GC invocations=20 (full 4):
 PSYoungGen      total 420864K, used 33276K [0x00000000e0000000, 0x00000000fdb80000, 0x0000000100000000)
  eden space 387584K, 0% used [0x00000000e0000000,0x00000000e0000000,0x00000000f7a80000)
  from space 33280K, 99% used [0x00000000fa380000,0x00000000fc3ff320,0x00000000fc400000)
  to   space 41984K, 0% used [0x00000000f7a80000,0x00000000f7a80000,0x00000000fa380000)
 ParOldGen       total 297984K, used 84361K [0x00000000a0000000, 0x00000000b2300000, 0x00000000e0000000)
  object space 297984K, 28% used [0x00000000a0000000,0x00000000a52627d0,0x00000000b2300000)
 Metaspace       used 105059K, capacity 109748K, committed 109848K, reserved 1144832K
  class space    used 13452K, capacity 14369K, committed 14376K, reserved 1048576K
}

